#
# A fatal error has been detected by the Java Runtime Environment:
#
#  Internal Error (oopMapCache.cpp:111), pid=646126, tid=646152
#  Error: ShouldNotReachHere()
#
# JRE version: OpenJDK Runtime Environment (15.0.1+9) (build 15.0.1+9-18)
# Java VM: OpenJDK 64-Bit Server VM (15.0.1+9-18, mixed mode, tiered, compressed oops, g1 gc, linux-amd64)
# Problematic frame:
# V  [libjvm.so+0xb3512b]  OopMapForCacheEntry::compute_map(Thread*) [clone .part.0]+0x8b
#
# Core dump will be written. Default location: Core dumps may be processed with "/usr/share/apport/apport %p %s %c %d %P %E" (or dumping to /home/rbp28668/Projects/workspace/Sofabed/core.646126)
#
# If you would like to submit a bug report, please visit:
#   https://bugreport.java.com/bugreport/crash.jsp
#

---------------  S U M M A R Y ------------

Command Line: -XX:+ShowCodeDetailsInExceptionMessages -agentlib:jdwp=transport=dt_socket,suspend=y,address=localhost:37243 -javaagent:/home/rbp28668/eclipse/java-2020-12/eclipse/configuration/org.eclipse.osgi/215/0/.cp/lib/javaagent-shaded.jar -Dfile.encoding=UTF-8 --module-path=/home/rbp28668/Projects/workspace/Sofabed/bin:/home/rbp28668/Projects/workspace/Sofabed/lib/commons-codec-1.15.jar -Djdk.module.main=sofabed sofabed/uk.co.alvagem.sofabed.Server

Host: Intel(R) Core(TM) i7-2670QM CPU @ 2.20GHz, 8 cores, 15G, Ubuntu 20.04.3 LTS
Time: Sat Oct 16 08:21:13 2021 BST elapsed time: 702.493146 seconds (0d 0h 11m 42s)

---------------  T H R E A D  ---------------

Current thread (0x00007f319c3cc790):  JavaThread "JDWP Transport Listener: dt_socket" daemon [_thread_in_vm, id=646152, stack(0x00007f315f288000,0x00007f315f389000)] _threads_hazard_ptr=0x00007f30c40b70f0

Stack: [0x00007f315f288000,0x00007f315f389000],  sp=0x00007f315f387450,  free space=1021k
Native frames: (J=compiled Java code, A=aot compiled Java code, j=interpreted, Vv=VM code, C=native code)
V  [libjvm.so+0xb3512b]  OopMapForCacheEntry::compute_map(Thread*) [clone .part.0]+0x8b
V  [libjvm.so+0xb35e3b]  OopMapCacheEntry::fill(methodHandle const&, int)+0x1bb
V  [libjvm.so+0xb36327]  OopMapCache::compute_one_oop_map(methodHandle const&, int, InterpreterOopMap*)+0x57
V  [libjvm.so+0xadc51e]  Method::mask_for(int, InterpreterOopMap*)+0xae
V  [libjvm.so+0xd522b2]  interpretedVFrame::stack_data(bool) const+0x122
V  [libjvm.so+0x974154]  VM_GetOrSetLocal::check_slot_type_no_lvt(javaVFrame*)+0x44
V  [libjvm.so+0x974284]  VM_GetOrSetLocal::doit_prologue()+0xb4
V  [libjvm.so+0xd68fb1]  VMThread::execute(VM_Operation*)+0x51
V  [libjvm.so+0x950d41]  JvmtiEnv::GetLocalObject(JavaThread*, int, int, _jobject**)+0x91
V  [libjvm.so+0x9043c1]  jvmti_GetLocalObject+0x251
C  [libjdwp.so+0x96ed]  thisObject+0x1ad
C  [libjdwp.so+0x12df9]  debugLoop_run+0x2b9
C  [libjdwp.so+0x25c53]  attachThread+0x33
V  [libjvm.so+0x972b87]  JvmtiAgentThread::call_start_function()+0x87
V  [libjvm.so+0xcf23de]  JavaThread::thread_main_inner()+0xde
V  [libjvm.so+0xcf724d]  Thread::call_run()+0xfd
V  [libjvm.so+0xb4a397]  thread_native_entry(Thread*)+0xe7

Register to memory mapping:

RAX=0x00007f31a1839000 points into unknown readable memory: 0x0000000000000058 | 58 00 00 00 00 00 00 00
RBX=0x00007f319c3cd510 points into unknown readable memory: 0x0000000000000002 | 02 00 00 00 00 00 00 00
RCX=0x0000000000000008 is an unknown value
RDX=0x0 is NULL
RSP=0x00007f315f387450 is pointing into the stack for thread: 0x00007f319c3cc790
RBP=0x00007f315f3874a0 is pointing into the stack for thread: 0x00007f319c3cc790
RSI=0x000000000000006f is an unknown value
RDI=0x00007f31a1265ec8: <offset 0x0000000000e5cec8> in /home/rbp28668/.p2/pool/plugins/org.eclipse.justj.openjdk.hotspot.jre.full.linux.x86_64_15.0.1.v20201027-0507/jre/lib/server/libjvm.so at 0x00007f31a0409000
R8 =0x0 is NULL
R9 =0x00007f315f387440 is pointing into the stack for thread: 0x00007f319c3cc790
R10=0x0 is NULL
R11=0x0 is NULL
R12=0x00007f31481d2540 points into unknown readable memory: 0x0000000000000000 | 00 00 00 00 00 00 00 00
R13=0x00007f31481da528 points into unknown readable memory: 0x0000000000007ff5 | f5 7f 00 00 00 00 00 00
R14=0x00007f315f387510 is pointing into the stack for thread: 0x00007f319c3cc790
R15=0x00007f319c3cc790 is a thread


Registers:
RAX=0x00007f31a1839000, RBX=0x00007f319c3cd510, RCX=0x0000000000000008, RDX=0x0000000000000000
RSP=0x00007f315f387450, RBP=0x00007f315f3874a0, RSI=0x000000000000006f, RDI=0x00007f31a1265ec8
R8 =0x0000000000000000, R9 =0x00007f315f387440, R10=0x0000000000000000, R11=0x0000000000000000
R12=0x00007f31481d2540, R13=0x00007f31481da528, R14=0x00007f315f387510, R15=0x00007f319c3cc790
RIP=0x00007f31a0f3e12b, EFLAGS=0x0000000000010246, CSGSFS=0x002b000000000033, ERR=0x0000000000000006
  TRAPNO=0x000000000000000e

Top of Stack: (sp=0x00007f315f387450)
0x00007f315f387450:   00007f314c001108 0000000711a00078
0x00007f315f387460:   00000000000083b0 00007f31481d37c0
0x00007f315f387470:   00007f3138005630 0000000000000013
0x00007f315f387480:   00007f3138005630 00007f315f387640 

Instructions: (pc=0x00007f31a0f3e12b)
0x00007f31a0f3e02b:   51 ff ff ff e9 71 ff ff ff 0f 1f 40 00 48 8b 73
0x00007f31a0f3e03b:   18 48 85 f6 74 98 48 89 df e8 e7 a0 bc ff 4c 89
0x00007f31a0f3e04b:   63 18 5b 41 5c 5d c3 66 66 66 66 66 2e 0f 1f 84
0x00007f31a0f3e05b:   00 00 00 00 00 31 c0 c3 90 66 66 2e 0f 1f 84 00
0x00007f31a0f3e06b:   00 00 00 00 90 c3 90 66 66 2e 0f 1f 84 00 00 00
0x00007f31a0f3e07b:   00 00 0f 1f 00 c3 90 66 66 2e 0f 1f 84 00 00 00
0x00007f31a0f3e08b:   00 00 0f 1f 00 c3 90 66 66 2e 0f 1f 84 00 00 00
0x00007f31a0f3e09b:   00 00 0f 1f 00 55 48 89 e5 41 57 49 89 f7 41 56
0x00007f31a0f3e0ab:   49 89 fe 41 55 41 54 53 48 83 ec 28 66 48 8d 3d
0x00007f31a0f3e0bb:   81 b4 5a 00 66 66 48 e8 c9 c6 6c ff 4c 89 fe 4c
0x00007f31a0f3e0cb:   89 f7 48 8b 00 48 8b 98 90 02 00 00 48 8b 43 18
0x00007f31a0f3e0db:   4c 8b 63 10 4c 8b 6b 20 48 89 45 c8 48 8b 43 28
0x00007f31a0f3e0eb:   48 89 45 c0 e8 8c 00 bb ff 4d 8b 57 08 4d 85 d2
0x00007f31a0f3e0fb:   4c 89 55 b8 74 37 4c 89 ff e8 e7 21 ad ff 4c 8b
0x00007f31a0f3e10b:   55 b8 4c 89 d7 e8 fb c2 ff ff 48 8d 05 ec fb 5a
0x00007f31a0f3e11b:   00 be 6f 00 00 00 48 8d 3d a0 7d 32 00 48 8b 00
0x00007f31a0f3e12b:   c6 00 58 e8 cd d2 a2 ff e8 28 de 00 00 41 8b b6
0x00007f31a0f3e13b:   b8 00 00 00 4c 89 f7 e8 a9 f6 ba ff 49 83 3c 24
0x00007f31a0f3e14b:   00 74 14 48 8b 75 c0 48 89 df e8 06 d3 80 ff 4c
0x00007f31a0f3e15b:   89 e7 e8 5e c4 80 ff 66 49 0f 6e c4 4c 89 6b 20
0x00007f31a0f3e16b:   0f 16 45 c8 0f 11 43 10 48 83 c4 28 5b 41 5c 41
0x00007f31a0f3e17b:   5d 41 5e 41 5f 5d c3 66 66 2e 0f 1f 84 00 00 00
0x00007f31a0f3e18b:   00 00 0f 1f 00 55 48 89 e5 41 55 41 89 d5 41 54
0x00007f31a0f3e19b:   49 89 cc 53 48 89 fb 48 83 ec 08 e8 25 90 ba ff
0x00007f31a0f3e1ab:   48 8d 05 4e 16 52 00 44 89 ab b8 00 00 00 4c 89
0x00007f31a0f3e1bb:   a3 b0 00 00 00 48 89 03 c7 83 bc 00 00 00 ff ff
0x00007f31a0f3e1cb:   ff ff 48 83 c4 08 5b 41 5c 41 5d 5d c3 0f 1f 84
0x00007f31a0f3e1db:   00 00 00 00 00 48 8b 47 08 48 8b 40 08 66 83 78
0x00007f31a0f3e1eb:   28 00 75 11 48 8b 87 b0 00 00 00 c7 40 0c 00 00
0x00007f31a0f3e1fb:   00 00 c3 66 90 e9 9b fe ff ff 90 66 2e 0f 1f 84
0x00007f31a0f3e20b:   00 00 00 00 00 48 8b 57 08 31 c0 f6 42 20 08 48
0x00007f31a0f3e21b:   8b 52 08 0f 94 c0 0f b7 52 32 01 d0 03 87 bc 00 


Stack slot to memory mapping:
stack at sp + 0 slots: 0x00007f314c001108 points into unknown readable memory: 0x0000000000007ff1 | f1 7f 00 00 00 00 00 00
stack at sp + 1 slots: 0x0000000711a00078 is an oop: java.lang.LinkageError 
{0x0000000711a00078} - klass: 'java/lang/LinkageError'
stack at sp + 2 slots: 0x00000000000083b0 is an unknown value
stack at sp + 3 slots: 0x00007f31481d37c0 points into unknown readable memory: 0x0000000500000000 | 00 00 00 00 05 00 00 00
stack at sp + 4 slots: 0x00007f3138005630 points into unknown readable memory: 0x00007f315e4f5140 | 40 51 4f 5e 31 7f 00 00
stack at sp + 5 slots: 0x0000000000000013 is an unknown value
stack at sp + 6 slots: 0x00007f3138005630 points into unknown readable memory: 0x00007f315e4f5140 | 40 51 4f 5e 31 7f 00 00
stack at sp + 7 slots: 0x00007f315f387640 is pointing into the stack for thread: 0x00007f319c3cc790


---------------  P R O C E S S  ---------------

Threads class SMR info:
_java_thread_list=0x00007f30c40b70f0, length=31, elements={
0x00007f319c02ae80, 0x00007f319c21d180, 0x00007f319c21eda0, 0x00007f319c2358d0,
0x00007f319c236fe0, 0x00007f319c238910, 0x00007f319c23a140, 0x00007f319c23b7f0,
0x00007f319c310440, 0x00007f319c3cc790, 0x00007f319c3e9ea0, 0x00007f3138000fa0,
0x00007f319c4b8fc0, 0x00007f319c568630, 0x00007f319c56d510, 0x00007f319c56e420,
0x00007f3120013560, 0x00007f3124003160, 0x00007f31180023e0, 0x00007f3124004490,
0x00007f3120014820, 0x00007f3118003770, 0x00007f3118007a60, 0x00007f312400c700,
0x00007f3120018bb0, 0x00007f311800bd30, 0x00007f31240109e0, 0x00007f312001cf60,
0x00007f312001e690, 0x00007f3118011710, 0x00007f31240163c0
}

Java Threads: ( => current thread )
  0x00007f319c02ae80 JavaThread "main" [_thread_blocked, id=646133, stack(0x00007f31a01b9000,0x00007f31a02ba000)]
  0x00007f319c21d180 JavaThread "Reference Handler" daemon [_thread_blocked, id=646143, stack(0x00007f317c030000,0x00007f317c131000)]
  0x00007f319c21eda0 JavaThread "Finalizer" daemon [_thread_blocked, id=646144, stack(0x00007f315feff000,0x00007f3160000000)]
  0x00007f319c2358d0 JavaThread "Signal Dispatcher" daemon [_thread_blocked, id=646145, stack(0x00007f315f88e000,0x00007f315f98f000)]
  0x00007f319c236fe0 JavaThread "Service Thread" daemon [_thread_blocked, id=646146, stack(0x00007f315f78d000,0x00007f315f88e000)]
  0x00007f319c238910 JavaThread "C2 CompilerThread0" daemon [_thread_blocked, id=646147, stack(0x00007f315f68c000,0x00007f315f78d000)]
  0x00007f319c23a140 JavaThread "C1 CompilerThread0" daemon [_thread_blocked, id=646148, stack(0x00007f315f58b000,0x00007f315f68c000)]
  0x00007f319c23b7f0 JavaThread "Sweeper thread" daemon [_thread_blocked, id=646149, stack(0x00007f315f48a000,0x00007f315f58b000)]
  0x00007f319c310440 JavaThread "Common-Cleaner" daemon [_thread_blocked, id=646150, stack(0x00007f315f389000,0x00007f315f48a000)]
=>0x00007f319c3cc790 JavaThread "JDWP Transport Listener: dt_socket" daemon [_thread_in_vm, id=646152, stack(0x00007f315f288000,0x00007f315f389000)]
  0x00007f319c3e9ea0 JavaThread "JDWP Event Helper Thread" daemon [_thread_blocked, id=646155, stack(0x00007f315f187000,0x00007f315f288000)]
  0x00007f3138000fa0 JavaThread "JDWP Command Reader" daemon [_thread_in_native, id=646156, stack(0x00007f315f086000,0x00007f315f187000)]
  0x00007f319c4b8fc0 JavaThread "Notification Thread" daemon [_thread_blocked, id=646161, stack(0x00007f315ec83000,0x00007f315ed84000)]
  0x00007f319c568630 JavaThread "SofabedServer0" [_thread_blocked, id=646164, stack(0x00007f315e863000,0x00007f315e964000)]
  0x00007f319c56d510 JavaThread "SofabedServer1" [_thread_blocked, id=646165, stack(0x00007f315e762000,0x00007f315e863000)]
  0x00007f319c56e420 JavaThread "SofabedServer2" [_thread_blocked, id=646166, stack(0x00007f315e661000,0x00007f315e762000)]
  0x00007f3120013560 JavaThread "ClusterListenerThread-Node0" [_thread_in_native, id=646167, stack(0x00007f315e35f000,0x00007f315e460000)]
  0x00007f3124003160 JavaThread "ClusterListenerThread-Node1" [_thread_in_native, id=646168, stack(0x00007f315e25e000,0x00007f315e35f000)]
  0x00007f31180023e0 JavaThread "ClusterListenerThread-Node2" [_thread_in_native, id=646169, stack(0x00007f315e15d000,0x00007f315e25e000)]
  0x00007f3124004490 JavaThread "ClientListenerThread-Node1" [_thread_in_native, id=646170, stack(0x00007f315e05c000,0x00007f315e15d000)]
  0x00007f3120014820 JavaThread "ClientListenerThread-Node0" [_thread_in_native, id=646171, stack(0x00007f315df5b000,0x00007f315e05c000)]
  0x00007f3118003770 JavaThread "ClientListenerThread-Node2" [_thread_in_native, id=646172, stack(0x00007f315de5a000,0x00007f315df5b000)]
  0x00007f3118007a60 JavaThread "ClusterCommshread-Node2" [_thread_blocked, id=646173, stack(0x00007f315dd59000,0x00007f315de5a000)]
  0x00007f312400c700 JavaThread "ClusterCommshread-Node1" [_thread_in_native, id=646174, stack(0x00007f315dc58000,0x00007f315dd59000)]
  0x00007f3120018bb0 JavaThread "ClusterCommshread-Node0" [_thread_in_Java, id=646175, stack(0x00007f315db57000,0x00007f315dc58000)]
  0x00007f311800bd30 JavaThread "clientCommsThread-Node2" [_thread_in_native, id=646176, stack(0x00007f315da56000,0x00007f315db57000)]
  0x00007f31240109e0 JavaThread "clientCommsThread-Node1" [_thread_in_native, id=646177, stack(0x00007f315d955000,0x00007f315da56000)]
  0x00007f312001cf60 JavaThread "clientCommsThread-Node0" [_thread_in_native, id=646178, stack(0x00007f315d854000,0x00007f315d955000)]
  0x00007f312001e690 JavaThread "PingThread-Node0" [_thread_blocked, id=646179, stack(0x00007f315d753000,0x00007f315d854000)]
  0x00007f3118011710 JavaThread "PingThread-Node2" [_thread_blocked, id=646180, stack(0x00007f315d652000,0x00007f315d753000)]
  0x00007f31240163c0 JavaThread "PingThread-Node1" [_thread_blocked, id=646181, stack(0x00007f315d551000,0x00007f315d652000)]

Other Threads:
  0x00007f319c202fd0 VMThread "VM Thread" [stack: 0x00007f317c133000,0x00007f317c233000] [id=646142]
  0x00007f319c225d90 WatcherThread [stack: 0x00007f315eb83000,0x00007f315ec83000] [id=646162]
  0x00007f319c07a930 GCTaskThread "GC Thread#0" [stack: 0x00007f317f764000,0x00007f317f864000] [id=646136]
  0x00007f31600011e0 GCTaskThread "GC Thread#1" [stack: 0x00007f315d451000,0x00007f315d551000] [id=646182]
  0x00007f3160001f00 GCTaskThread "GC Thread#2" [stack: 0x00007f315d34f000,0x00007f315d44f000] [id=646183]
  0x00007f3160002c90 GCTaskThread "GC Thread#3" [stack: 0x00007f315d24d000,0x00007f315d34d000] [id=646184]
  0x00007f3160003a20 GCTaskThread "GC Thread#4" [stack: 0x00007f315d14b000,0x00007f315d24b000] [id=646185]
  0x00007f31600047b0 GCTaskThread "GC Thread#5" [stack: 0x00007f315d049000,0x00007f315d149000] [id=646186]
  0x00007f3160005540 GCTaskThread "GC Thread#6" [stack: 0x00007f315cf47000,0x00007f315d047000] [id=646187]
  0x00007f31600062d0 GCTaskThread "GC Thread#7" [stack: 0x00007f315ce45000,0x00007f315cf45000] [id=646188]
  0x00007f319c08bc40 ConcurrentGCThread "G1 Main Marker" [stack: 0x00007f317f662000,0x00007f317f762000] [id=646137]
  0x00007f319c08ced0 ConcurrentGCThread "G1 Conc#0" [stack: 0x00007f317f560000,0x00007f317f660000] [id=646138]
  0x00007f319c142dc0 ConcurrentGCThread "G1 Refine#0" [stack: 0x00007f317cc56000,0x00007f317cd56000] [id=646139]
  0x00007f319c143fd0 ConcurrentGCThread "G1 Young RemSet Sampling" [stack: 0x00007f317cb54000,0x00007f317cc54000] [id=646140]

Threads with active compile tasks:

VM state: not at safepoint (normal execution)

VM Mutex/Monitor currently owned by a thread: None

Heap address: 0x0000000706600000, size: 3994 MB, Compressed Oops mode: Zero based, Oop shift amount: 3
CDS disabled.
Compressed class space mapped at: 0x0000000800000000-0x0000000840000000, size: 1073741824
Narrow klass base: 0x0000000800000000, Narrow klass shift: 0, Narrow klass range: 0x40000000

GC Precious Log:
 CPUs: 8 total, 8 available
 Memory: 15970M
 Large Page Support: Disabled
 NUMA Support: Disabled
 Compressed Oops: Enabled (Zero based)
 Heap Region Size: 2M
 Heap Min Capacity: 8M
 Heap Initial Capacity: 250M
 Heap Max Capacity: 3994M
 Pre-touch: Disabled
 Parallel Workers: 8
 Concurrent Workers: 2
 Concurrent Refinement Workers: 8
 Periodic GC: Disabled

Heap:
 garbage-first heap   total 256000K, used 89622K [0x0000000706600000, 0x0000000800000000)
  region size 2048K, 43 young (88064K), 1 survivors (2048K)
 Metaspace       used 14086K, capacity 14266K, committed 14464K, reserved 1062912K
  class space    used 1334K, capacity 1404K, committed 1408K, reserved 1048576K

Heap Regions: E=young(eden), S=young(survivor), O=old, HS=humongous(starts), HC=humongous(continues), CS=collection set, F=free, OA=open archive, CA=closed archive, TAMS=top-at-mark-start (previous, next)
|   0|0x0000000706600000, 0x0000000706800000, 0x0000000706800000|100%| O|  |TAMS 0x0000000706600000, 0x0000000706600000| Untracked 
|   1|0x0000000706800000, 0x0000000706a00000, 0x0000000706a00000|100%| O|  |TAMS 0x0000000706800000, 0x0000000706800000| Untracked 
|   2|0x0000000706a00000, 0x0000000706b7e400, 0x0000000706c00000| 74%| O|  |TAMS 0x0000000706a00000, 0x0000000706a00000| Untracked 
|   3|0x0000000706c00000, 0x0000000706c00000, 0x0000000706e00000|  0%| F|  |TAMS 0x0000000706c00000, 0x0000000706c00000| Untracked 
|   4|0x0000000706e00000, 0x0000000706e00000, 0x0000000707000000|  0%| F|  |TAMS 0x0000000706e00000, 0x0000000706e00000| Untracked 
|   5|0x0000000707000000, 0x0000000707000000, 0x0000000707200000|  0%| F|  |TAMS 0x0000000707000000, 0x0000000707000000| Untracked 
|   6|0x0000000707200000, 0x0000000707200000, 0x0000000707400000|  0%| F|  |TAMS 0x0000000707200000, 0x0000000707200000| Untracked 
|   7|0x0000000707400000, 0x0000000707400000, 0x0000000707600000|  0%| F|  |TAMS 0x0000000707400000, 0x0000000707400000| Untracked 
|   8|0x0000000707600000, 0x0000000707600000, 0x0000000707800000|  0%| F|  |TAMS 0x0000000707600000, 0x0000000707600000| Untracked 
|   9|0x0000000707800000, 0x0000000707800000, 0x0000000707a00000|  0%| F|  |TAMS 0x0000000707800000, 0x0000000707800000| Untracked 
|  10|0x0000000707a00000, 0x0000000707a00000, 0x0000000707c00000|  0%| F|  |TAMS 0x0000000707a00000, 0x0000000707a00000| Untracked 
|  11|0x0000000707c00000, 0x0000000707c00000, 0x0000000707e00000|  0%| F|  |TAMS 0x0000000707c00000, 0x0000000707c00000| Untracked 
|  12|0x0000000707e00000, 0x0000000707e00000, 0x0000000708000000|  0%| F|  |TAMS 0x0000000707e00000, 0x0000000707e00000| Untracked 
|  13|0x0000000708000000, 0x0000000708000000, 0x0000000708200000|  0%| F|  |TAMS 0x0000000708000000, 0x0000000708000000| Untracked 
|  14|0x0000000708200000, 0x0000000708200000, 0x0000000708400000|  0%| F|  |TAMS 0x0000000708200000, 0x0000000708200000| Untracked 
|  15|0x0000000708400000, 0x0000000708400000, 0x0000000708600000|  0%| F|  |TAMS 0x0000000708400000, 0x0000000708400000| Untracked 
|  16|0x0000000708600000, 0x0000000708600000, 0x0000000708800000|  0%| F|  |TAMS 0x0000000708600000, 0x0000000708600000| Untracked 
|  17|0x0000000708800000, 0x0000000708800000, 0x0000000708a00000|  0%| F|  |TAMS 0x0000000708800000, 0x0000000708800000| Untracked 
|  18|0x0000000708a00000, 0x0000000708a00000, 0x0000000708c00000|  0%| F|  |TAMS 0x0000000708a00000, 0x0000000708a00000| Untracked 
|  19|0x0000000708c00000, 0x0000000708c00000, 0x0000000708e00000|  0%| F|  |TAMS 0x0000000708c00000, 0x0000000708c00000| Untracked 
|  20|0x0000000708e00000, 0x0000000708e00000, 0x0000000709000000|  0%| F|  |TAMS 0x0000000708e00000, 0x0000000708e00000| Untracked 
|  21|0x0000000709000000, 0x0000000709000000, 0x0000000709200000|  0%| F|  |TAMS 0x0000000709000000, 0x0000000709000000| Untracked 
|  22|0x0000000709200000, 0x0000000709200000, 0x0000000709400000|  0%| F|  |TAMS 0x0000000709200000, 0x0000000709200000| Untracked 
|  23|0x0000000709400000, 0x0000000709400000, 0x0000000709600000|  0%| F|  |TAMS 0x0000000709400000, 0x0000000709400000| Untracked 
|  24|0x0000000709600000, 0x0000000709600000, 0x0000000709800000|  0%| F|  |TAMS 0x0000000709600000, 0x0000000709600000| Untracked 
|  25|0x0000000709800000, 0x0000000709800000, 0x0000000709a00000|  0%| F|  |TAMS 0x0000000709800000, 0x0000000709800000| Untracked 
|  26|0x0000000709a00000, 0x0000000709a00000, 0x0000000709c00000|  0%| F|  |TAMS 0x0000000709a00000, 0x0000000709a00000| Untracked 
|  27|0x0000000709c00000, 0x0000000709c00000, 0x0000000709e00000|  0%| F|  |TAMS 0x0000000709c00000, 0x0000000709c00000| Untracked 
|  28|0x0000000709e00000, 0x0000000709e00000, 0x000000070a000000|  0%| F|  |TAMS 0x0000000709e00000, 0x0000000709e00000| Untracked 
|  29|0x000000070a000000, 0x000000070a000000, 0x000000070a200000|  0%| F|  |TAMS 0x000000070a000000, 0x000000070a000000| Untracked 
|  30|0x000000070a200000, 0x000000070a200000, 0x000000070a400000|  0%| F|  |TAMS 0x000000070a200000, 0x000000070a200000| Untracked 
|  31|0x000000070a400000, 0x000000070a400000, 0x000000070a600000|  0%| F|  |TAMS 0x000000070a400000, 0x000000070a400000| Untracked 
|  32|0x000000070a600000, 0x000000070a600000, 0x000000070a800000|  0%| F|  |TAMS 0x000000070a600000, 0x000000070a600000| Untracked 
|  33|0x000000070a800000, 0x000000070a800000, 0x000000070aa00000|  0%| F|  |TAMS 0x000000070a800000, 0x000000070a800000| Untracked 
|  34|0x000000070aa00000, 0x000000070aa00000, 0x000000070ac00000|  0%| F|  |TAMS 0x000000070aa00000, 0x000000070aa00000| Untracked 
|  35|0x000000070ac00000, 0x000000070ac00000, 0x000000070ae00000|  0%| F|  |TAMS 0x000000070ac00000, 0x000000070ac00000| Untracked 
|  36|0x000000070ae00000, 0x000000070ae00000, 0x000000070b000000|  0%| F|  |TAMS 0x000000070ae00000, 0x000000070ae00000| Untracked 
|  37|0x000000070b000000, 0x000000070b000000, 0x000000070b200000|  0%| F|  |TAMS 0x000000070b000000, 0x000000070b000000| Untracked 
|  38|0x000000070b200000, 0x000000070b200000, 0x000000070b400000|  0%| F|  |TAMS 0x000000070b200000, 0x000000070b200000| Untracked 
|  39|0x000000070b400000, 0x000000070b400000, 0x000000070b600000|  0%| F|  |TAMS 0x000000070b400000, 0x000000070b400000| Untracked 
|  40|0x000000070b600000, 0x000000070b600000, 0x000000070b800000|  0%| F|  |TAMS 0x000000070b600000, 0x000000070b600000| Untracked 
|  41|0x000000070b800000, 0x000000070b800000, 0x000000070ba00000|  0%| F|  |TAMS 0x000000070b800000, 0x000000070b800000| Untracked 
|  42|0x000000070ba00000, 0x000000070ba00000, 0x000000070bc00000|  0%| F|  |TAMS 0x000000070ba00000, 0x000000070ba00000| Untracked 
|  43|0x000000070bc00000, 0x000000070bc00000, 0x000000070be00000|  0%| F|  |TAMS 0x000000070bc00000, 0x000000070bc00000| Untracked 
|  44|0x000000070be00000, 0x000000070be00000, 0x000000070c000000|  0%| F|  |TAMS 0x000000070be00000, 0x000000070be00000| Untracked 
|  45|0x000000070c000000, 0x000000070c000000, 0x000000070c200000|  0%| F|  |TAMS 0x000000070c000000, 0x000000070c000000| Untracked 
|  46|0x000000070c200000, 0x000000070c200000, 0x000000070c400000|  0%| F|  |TAMS 0x000000070c200000, 0x000000070c200000| Untracked 
|  47|0x000000070c400000, 0x000000070c400000, 0x000000070c600000|  0%| F|  |TAMS 0x000000070c400000, 0x000000070c400000| Untracked 
|  48|0x000000070c600000, 0x000000070c600000, 0x000000070c800000|  0%| F|  |TAMS 0x000000070c600000, 0x000000070c600000| Untracked 
|  49|0x000000070c800000, 0x000000070c800000, 0x000000070ca00000|  0%| F|  |TAMS 0x000000070c800000, 0x000000070c800000| Untracked 
|  50|0x000000070ca00000, 0x000000070ca07510, 0x000000070cc00000|  1%| S|CS|TAMS 0x000000070ca00000, 0x000000070ca00000| Complete 
|  51|0x000000070cc00000, 0x000000070cc00000, 0x000000070ce00000|  0%| F|  |TAMS 0x000000070cc00000, 0x000000070cc00000| Untracked 
|  52|0x000000070ce00000, 0x000000070ce00000, 0x000000070d000000|  0%| F|  |TAMS 0x000000070ce00000, 0x000000070ce00000| Untracked 
|  53|0x000000070d000000, 0x000000070d000000, 0x000000070d200000|  0%| F|  |TAMS 0x000000070d000000, 0x000000070d000000| Untracked 
|  54|0x000000070d200000, 0x000000070d200000, 0x000000070d400000|  0%| F|  |TAMS 0x000000070d200000, 0x000000070d200000| Untracked 
|  55|0x000000070d400000, 0x000000070d400000, 0x000000070d600000|  0%| F|  |TAMS 0x000000070d400000, 0x000000070d400000| Untracked 
|  56|0x000000070d600000, 0x000000070d600000, 0x000000070d800000|  0%| F|  |TAMS 0x000000070d600000, 0x000000070d600000| Untracked 
|  57|0x000000070d800000, 0x000000070d800000, 0x000000070da00000|  0%| F|  |TAMS 0x000000070d800000, 0x000000070d800000| Untracked 
|  58|0x000000070da00000, 0x000000070da00000, 0x000000070dc00000|  0%| F|  |TAMS 0x000000070da00000, 0x000000070da00000| Untracked 
|  59|0x000000070dc00000, 0x000000070dc00000, 0x000000070de00000|  0%| F|  |TAMS 0x000000070dc00000, 0x000000070dc00000| Untracked 
|  60|0x000000070de00000, 0x000000070de00000, 0x000000070e000000|  0%| F|  |TAMS 0x000000070de00000, 0x000000070de00000| Untracked 
|  61|0x000000070e000000, 0x000000070e000000, 0x000000070e200000|  0%| F|  |TAMS 0x000000070e000000, 0x000000070e000000| Untracked 
|  62|0x000000070e200000, 0x000000070e200000, 0x000000070e400000|  0%| F|  |TAMS 0x000000070e200000, 0x000000070e200000| Untracked 
|  63|0x000000070e400000, 0x000000070e400000, 0x000000070e600000|  0%| F|  |TAMS 0x000000070e400000, 0x000000070e400000| Untracked 
|  64|0x000000070e600000, 0x000000070e600000, 0x000000070e800000|  0%| F|  |TAMS 0x000000070e600000, 0x000000070e600000| Untracked 
|  65|0x000000070e800000, 0x000000070e800000, 0x000000070ea00000|  0%| F|  |TAMS 0x000000070e800000, 0x000000070e800000| Untracked 
|  66|0x000000070ea00000, 0x000000070ea00000, 0x000000070ec00000|  0%| F|  |TAMS 0x000000070ea00000, 0x000000070ea00000| Untracked 
|  67|0x000000070ec00000, 0x000000070ec00000, 0x000000070ee00000|  0%| F|  |TAMS 0x000000070ec00000, 0x000000070ec00000| Untracked 
|  68|0x000000070ee00000, 0x000000070ee00000, 0x000000070f000000|  0%| F|  |TAMS 0x000000070ee00000, 0x000000070ee00000| Untracked 
|  69|0x000000070f000000, 0x000000070f000000, 0x000000070f200000|  0%| F|  |TAMS 0x000000070f000000, 0x000000070f000000| Untracked 
|  70|0x000000070f200000, 0x000000070f200000, 0x000000070f400000|  0%| F|  |TAMS 0x000000070f200000, 0x000000070f200000| Untracked 
|  71|0x000000070f400000, 0x000000070f400000, 0x000000070f600000|  0%| F|  |TAMS 0x000000070f400000, 0x000000070f400000| Untracked 
|  72|0x000000070f600000, 0x000000070f600000, 0x000000070f800000|  0%| F|  |TAMS 0x000000070f600000, 0x000000070f600000| Untracked 
|  73|0x000000070f800000, 0x000000070f800000, 0x000000070fa00000|  0%| F|  |TAMS 0x000000070f800000, 0x000000070f800000| Untracked 
|  74|0x000000070fa00000, 0x000000070fa00000, 0x000000070fc00000|  0%| F|  |TAMS 0x000000070fa00000, 0x000000070fa00000| Untracked 
|  75|0x000000070fc00000, 0x000000070fc00000, 0x000000070fe00000|  0%| F|  |TAMS 0x000000070fc00000, 0x000000070fc00000| Untracked 
|  76|0x000000070fe00000, 0x000000070fe00000, 0x0000000710000000|  0%| F|  |TAMS 0x000000070fe00000, 0x000000070fe00000| Untracked 
|  77|0x0000000710000000, 0x0000000710000000, 0x0000000710200000|  0%| F|  |TAMS 0x0000000710000000, 0x0000000710000000| Untracked 
|  78|0x0000000710200000, 0x0000000710200000, 0x0000000710400000|  0%| F|  |TAMS 0x0000000710200000, 0x0000000710200000| Untracked 
|  79|0x0000000710400000, 0x0000000710400000, 0x0000000710600000|  0%| F|  |TAMS 0x0000000710400000, 0x0000000710400000| Untracked 
|  80|0x0000000710600000, 0x0000000710600000, 0x0000000710800000|  0%| F|  |TAMS 0x0000000710600000, 0x0000000710600000| Untracked 
|  81|0x0000000710800000, 0x0000000710800000, 0x0000000710a00000|  0%| F|  |TAMS 0x0000000710800000, 0x0000000710800000| Untracked 
|  82|0x0000000710a00000, 0x0000000710a00000, 0x0000000710c00000|  0%| F|  |TAMS 0x0000000710a00000, 0x0000000710a00000| Untracked 
|  83|0x0000000710c00000, 0x0000000710e00000, 0x0000000710e00000|100%| E|  |TAMS 0x0000000710c00000, 0x0000000710c00000| Complete 
|  84|0x0000000710e00000, 0x0000000711000000, 0x0000000711000000|100%| E|CS|TAMS 0x0000000710e00000, 0x0000000710e00000| Complete 
|  85|0x0000000711000000, 0x0000000711200000, 0x0000000711200000|100%| E|CS|TAMS 0x0000000711000000, 0x0000000711000000| Complete 
|  86|0x0000000711200000, 0x0000000711400000, 0x0000000711400000|100%| E|CS|TAMS 0x0000000711200000, 0x0000000711200000| Complete 
|  87|0x0000000711400000, 0x0000000711600000, 0x0000000711600000|100%| E|CS|TAMS 0x0000000711400000, 0x0000000711400000| Complete 
|  88|0x0000000711600000, 0x0000000711800000, 0x0000000711800000|100%| E|CS|TAMS 0x0000000711600000, 0x0000000711600000| Complete 
|  89|0x0000000711800000, 0x0000000711a00000, 0x0000000711a00000|100%| E|CS|TAMS 0x0000000711800000, 0x0000000711800000| Complete 
|  90|0x0000000711a00000, 0x0000000711c00000, 0x0000000711c00000|100%| E|CS|TAMS 0x0000000711a00000, 0x0000000711a00000| Complete 
|  91|0x0000000711c00000, 0x0000000711e00000, 0x0000000711e00000|100%| E|CS|TAMS 0x0000000711c00000, 0x0000000711c00000| Complete 
|  92|0x0000000711e00000, 0x0000000712000000, 0x0000000712000000|100%| E|CS|TAMS 0x0000000711e00000, 0x0000000711e00000| Complete 
|  93|0x0000000712000000, 0x0000000712200000, 0x0000000712200000|100%| E|CS|TAMS 0x0000000712000000, 0x0000000712000000| Complete 
|  94|0x0000000712200000, 0x0000000712400000, 0x0000000712400000|100%| E|CS|TAMS 0x0000000712200000, 0x0000000712200000| Complete 
|  95|0x0000000712400000, 0x0000000712600000, 0x0000000712600000|100%| E|CS|TAMS 0x0000000712400000, 0x0000000712400000| Complete 
|  96|0x0000000712600000, 0x0000000712800000, 0x0000000712800000|100%| E|CS|TAMS 0x0000000712600000, 0x0000000712600000| Complete 
|  97|0x0000000712800000, 0x0000000712a00000, 0x0000000712a00000|100%| E|CS|TAMS 0x0000000712800000, 0x0000000712800000| Complete 
|  98|0x0000000712a00000, 0x0000000712c00000, 0x0000000712c00000|100%| E|CS|TAMS 0x0000000712a00000, 0x0000000712a00000| Complete 
|  99|0x0000000712c00000, 0x0000000712e00000, 0x0000000712e00000|100%| E|CS|TAMS 0x0000000712c00000, 0x0000000712c00000| Complete 
| 100|0x0000000712e00000, 0x0000000713000000, 0x0000000713000000|100%| E|CS|TAMS 0x0000000712e00000, 0x0000000712e00000| Complete 
| 101|0x0000000713000000, 0x0000000713200000, 0x0000000713200000|100%| E|CS|TAMS 0x0000000713000000, 0x0000000713000000| Complete 
| 102|0x0000000713200000, 0x0000000713400000, 0x0000000713400000|100%| E|CS|TAMS 0x0000000713200000, 0x0000000713200000| Complete 
| 103|0x0000000713400000, 0x0000000713600000, 0x0000000713600000|100%| E|CS|TAMS 0x0000000713400000, 0x0000000713400000| Complete 
| 104|0x0000000713600000, 0x0000000713800000, 0x0000000713800000|100%| E|CS|TAMS 0x0000000713600000, 0x0000000713600000| Complete 
| 105|0x0000000713800000, 0x0000000713a00000, 0x0000000713a00000|100%| E|CS|TAMS 0x0000000713800000, 0x0000000713800000| Complete 
| 106|0x0000000713a00000, 0x0000000713c00000, 0x0000000713c00000|100%| E|CS|TAMS 0x0000000713a00000, 0x0000000713a00000| Complete 
| 107|0x0000000713c00000, 0x0000000713e00000, 0x0000000713e00000|100%| E|CS|TAMS 0x0000000713c00000, 0x0000000713c00000| Complete 
| 108|0x0000000713e00000, 0x0000000714000000, 0x0000000714000000|100%| E|CS|TAMS 0x0000000713e00000, 0x0000000713e00000| Complete 
| 109|0x0000000714000000, 0x0000000714200000, 0x0000000714200000|100%| E|CS|TAMS 0x0000000714000000, 0x0000000714000000| Complete 
| 110|0x0000000714200000, 0x0000000714400000, 0x0000000714400000|100%| E|CS|TAMS 0x0000000714200000, 0x0000000714200000| Complete 
| 111|0x0000000714400000, 0x0000000714600000, 0x0000000714600000|100%| E|CS|TAMS 0x0000000714400000, 0x0000000714400000| Complete 
| 112|0x0000000714600000, 0x0000000714800000, 0x0000000714800000|100%| E|CS|TAMS 0x0000000714600000, 0x0000000714600000| Complete 
| 113|0x0000000714800000, 0x0000000714a00000, 0x0000000714a00000|100%| E|CS|TAMS 0x0000000714800000, 0x0000000714800000| Complete 
| 114|0x0000000714a00000, 0x0000000714c00000, 0x0000000714c00000|100%| E|CS|TAMS 0x0000000714a00000, 0x0000000714a00000| Complete 
| 115|0x0000000714c00000, 0x0000000714e00000, 0x0000000714e00000|100%| E|CS|TAMS 0x0000000714c00000, 0x0000000714c00000| Complete 
| 116|0x0000000714e00000, 0x0000000715000000, 0x0000000715000000|100%| E|CS|TAMS 0x0000000714e00000, 0x0000000714e00000| Complete 
| 117|0x0000000715000000, 0x0000000715200000, 0x0000000715200000|100%| E|CS|TAMS 0x0000000715000000, 0x0000000715000000| Complete 
| 118|0x0000000715200000, 0x0000000715400000, 0x0000000715400000|100%| E|CS|TAMS 0x0000000715200000, 0x0000000715200000| Complete 
| 119|0x0000000715400000, 0x0000000715600000, 0x0000000715600000|100%| E|CS|TAMS 0x0000000715400000, 0x0000000715400000| Complete 
| 120|0x0000000715600000, 0x0000000715800000, 0x0000000715800000|100%| E|CS|TAMS 0x0000000715600000, 0x0000000715600000| Complete 
| 121|0x0000000715800000, 0x0000000715a00000, 0x0000000715a00000|100%| E|CS|TAMS 0x0000000715800000, 0x0000000715800000| Complete 
| 122|0x0000000715a00000, 0x0000000715c00000, 0x0000000715c00000|100%| E|CS|TAMS 0x0000000715a00000, 0x0000000715a00000| Complete 
| 123|0x0000000715c00000, 0x0000000715e00000, 0x0000000715e00000|100%| E|CS|TAMS 0x0000000715c00000, 0x0000000715c00000| Complete 
| 124|0x0000000715e00000, 0x0000000716000000, 0x0000000716000000|100%| E|CS|TAMS 0x0000000715e00000, 0x0000000715e00000| Complete 

Card table byte_map: [0x00007f3187d82000,0x00007f318854f000] _byte_map_base: 0x00007f318454f000

Marking Bits (Prev, Next): (CMBitMap*) 0x00007f319c07b6d0, (CMBitMap*) 0x00007f319c07b710
 Prev Bits: [0x00007f318374d000, 0x00007f31875b5000)
 Next Bits: [0x00007f317f8e5000, 0x00007f318374d000)

Polling page: 0x00007f31a1809000

Metaspace:

Usage:
  Non-class:     12.56 MB capacity,    12.45 MB (>99%) used,    95.80 KB ( <1%) free+waste,    14.69 KB ( <1%) overhead. 
      Class:      1.37 MB capacity,     1.30 MB ( 95%) used,    63.96 KB (  5%) free+waste,     5.19 KB ( <1%) overhead. 
       Both:     13.93 MB capacity,    13.76 MB ( 99%) used,   159.76 KB (  1%) free+waste,    19.88 KB ( <1%) overhead. 

Virtual space:
  Non-class space:       14.00 MB reserved,      12.75 MB ( 91%) committed 
      Class space:        1.00 GB reserved,       1.38 MB ( <1%) committed 
             Both:        1.01 GB reserved,      14.12 MB (  1%) committed 

Chunk freelists:
   Non-Class:  66.00 KB
       Class:  4.00 KB
        Both:  70.00 KB

MaxMetaspaceSize: 17179869184.00 GB
CompressedClassSpaceSize: 1.00 GB

CodeHeap 'non-profiled nmethods': size=120028Kb used=1005Kb max_used=1005Kb free=119022Kb
 bounds [0x00007f31910d8000, 0x00007f3191348000, 0x00007f319860f000]
CodeHeap 'profiled nmethods': size=120028Kb used=2346Kb max_used=2346Kb free=117682Kb
 bounds [0x00007f3189ba1000, 0x00007f3189e11000, 0x00007f31910d8000]
CodeHeap 'non-nmethods': size=5704Kb used=1227Kb max_used=1264Kb free=4476Kb
 bounds [0x00007f318960f000, 0x00007f318987f000, 0x00007f3189ba1000]
 total_blobs=1871 nmethods=1456 adapters=328
 compilation: enabled
              stopped_count=0, restarted_count=0
 full_count=0

Compilation events (20 events):
Event: 684.144 Thread 0x00007f319c23a140 1457   !   3       uk.co.alvagem.sofabed.MessageProcessor::onWrite (199 bytes)
Event: 684.144 Thread 0x00007f319c238910 1459 % !   4       uk.co.alvagem.sofabed.SocketProcessingThread::run @ 31 (311 bytes)
Event: 684.146 Thread 0x00007f319c23a140 nmethod 1457 0x00007f3189de4d90 code [0x00007f3189de50e0, 0x00007f3189de6b40]
Event: 684.146 Thread 0x00007f319c23a140 1458       3       uk.co.alvagem.sofabed.MessageProcessor::process (37 bytes)
Event: 684.147 Thread 0x00007f319c23a140 nmethod 1458 0x00007f3189de7490 code [0x00007f3189de76a0, 0x00007f3189de7f10]
Event: 684.233 Thread 0x00007f319c238910 nmethod 1459% 0x00007f31911be390 code [0x00007f31911be6c0, 0x00007f31911c1240]
Event: 684.233 Thread 0x00007f319c238910 1462 % !   4       uk.co.alvagem.sofabed.SocketProcessingThread::run @ 3 (311 bytes)
Event: 684.442 Thread 0x00007f319c238910 nmethod 1462% 0x00007f31911c2890 code [0x00007f31911c2cc0, 0x00007f31911c8948]
Event: 684.442 Thread 0x00007f319c238910 1460   !   4       uk.co.alvagem.sofabed.MessageProcessor::onWrite (199 bytes)
Event: 684.490 Thread 0x00007f319c238910 nmethod 1460 0x00007f31911cb490 code [0x00007f31911cb760, 0x00007f31911cd9f0]
Event: 684.490 Thread 0x00007f319c238910 1461       4       uk.co.alvagem.sofabed.MessageProcessor::process (37 bytes)
Event: 684.492 Thread 0x00007f319c238910 nmethod 1461 0x00007f31911cef90 code [0x00007f31911cf120, 0x00007f31911cf298]
Event: 685.444 Thread 0x00007f319c23a140 1463   !   3       uk.co.alvagem.sofabed.MessageProcessor::onWrite (199 bytes)
Event: 685.447 Thread 0x00007f319c23a140 nmethod 1463 0x00007f3189de8110 code [0x00007f3189de8460, 0x00007f3189de9ea0]
Event: 685.452 Thread 0x00007f319c238910 1464   !   4       uk.co.alvagem.sofabed.MessageProcessor::onWrite (199 bytes)
Event: 685.500 Thread 0x00007f319c238910 nmethod 1464 0x00007f31911cf490 code [0x00007f31911cf760, 0x00007f31911d19f0]
Event: 692.212 Thread 0x00007f319c23a140 1465   !   3       uk.co.alvagem.sofabed.ClusterNode::send (58 bytes)
Event: 692.213 Thread 0x00007f319c23a140 nmethod 1465 0x00007f3189dea810 code [0x00007f3189deaa40, 0x00007f3189deb3a0]
Event: 700.213 Thread 0x00007f319c238910 1466       4       java.util.LinkedList::add (7 bytes)
Event: 700.219 Thread 0x00007f319c238910 nmethod 1466 0x00007f31911d2f10 code [0x00007f31911d3080, 0x00007f31911d3418]

GC Heap History (20 events):
Event: 699.652 GC heap before
{Heap before GC invocations=2162 (full 0):
 garbage-first heap   total 256000K, used 157195K [0x0000000706600000, 0x0000000800000000)
  region size 2048K, 75 young (153600K), 1 survivors (2048K)
 Metaspace       used 14086K, capacity 14266K, committed 14464K, reserved 1062912K
  class space    used 1334K, capacity 1404K, committed 1408K, reserved 1048576K
}
Event: 699.653 GC heap after
{Heap after GC invocations=2163 (full 0):
 garbage-first heap   total 256000K, used 5639K [0x0000000706600000, 0x0000000800000000)
  region size 2048K, 1 young (2048K), 1 survivors (2048K)
 Metaspace       used 14086K, capacity 14266K, committed 14464K, reserved 1062912K
  class space    used 1334K, capacity 1404K, committed 1408K, reserved 1048576K
}
Event: 699.959 GC heap before
{Heap before GC invocations=2163 (full 0):
 garbage-first heap   total 256000K, used 157191K [0x0000000706600000, 0x0000000800000000)
  region size 2048K, 75 young (153600K), 1 survivors (2048K)
 Metaspace       used 14086K, capacity 14266K, committed 14464K, reserved 1062912K
  class space    used 1334K, capacity 1404K, committed 1408K, reserved 1048576K
}
Event: 699.960 GC heap after
{Heap after GC invocations=2164 (full 0):
 garbage-first heap   total 256000K, used 5643K [0x0000000706600000, 0x0000000800000000)
  region size 2048K, 1 young (2048K), 1 survivors (2048K)
 Metaspace       used 14086K, capacity 14266K, committed 14464K, reserved 1062912K
  class space    used 1334K, capacity 1404K, committed 1408K, reserved 1048576K
}
Event: 700.231 GC heap before
{Heap before GC invocations=2164 (full 0):
 garbage-first heap   total 256000K, used 157195K [0x0000000706600000, 0x0000000800000000)
  region size 2048K, 75 young (153600K), 1 survivors (2048K)
 Metaspace       used 14086K, capacity 14266K, committed 14464K, reserved 1062912K
  class space    used 1334K, capacity 1404K, committed 1408K, reserved 1048576K
}
Event: 700.232 GC heap after
{Heap after GC invocations=2165 (full 0):
 garbage-first heap   total 256000K, used 5645K [0x0000000706600000, 0x0000000800000000)
  region size 2048K, 1 young (2048K), 1 survivors (2048K)
 Metaspace       used 14086K, capacity 14266K, committed 14464K, reserved 1062912K
  class space    used 1334K, capacity 1404K, committed 1408K, reserved 1048576K
}
Event: 700.501 GC heap before
{Heap before GC invocations=2165 (full 0):
 garbage-first heap   total 256000K, used 157197K [0x0000000706600000, 0x0000000800000000)
  region size 2048K, 75 young (153600K), 1 survivors (2048K)
 Metaspace       used 14086K, capacity 14266K, committed 14464K, reserved 1062912K
  class space    used 1334K, capacity 1404K, committed 1408K, reserved 1048576K
}
Event: 700.502 GC heap after
{Heap after GC invocations=2166 (full 0):
 garbage-first heap   total 256000K, used 5645K [0x0000000706600000, 0x0000000800000000)
  region size 2048K, 1 young (2048K), 1 survivors (2048K)
 Metaspace       used 14086K, capacity 14266K, committed 14464K, reserved 1062912K
  class space    used 1334K, capacity 1404K, committed 1408K, reserved 1048576K
}
Event: 700.773 GC heap before
{Heap before GC invocations=2166 (full 0):
 garbage-first heap   total 256000K, used 157197K [0x0000000706600000, 0x0000000800000000)
  region size 2048K, 75 young (153600K), 1 survivors (2048K)
 Metaspace       used 14086K, capacity 14266K, committed 14464K, reserved 1062912K
  class space    used 1334K, capacity 1404K, committed 1408K, reserved 1048576K
}
Event: 700.775 GC heap after
{Heap after GC invocations=2167 (full 0):
 garbage-first heap   total 256000K, used 5652K [0x0000000706600000, 0x0000000800000000)
  region size 2048K, 1 young (2048K), 1 survivors (2048K)
 Metaspace       used 14086K, capacity 14266K, committed 14464K, reserved 1062912K
  class space    used 1334K, capacity 1404K, committed 1408K, reserved 1048576K
}
Event: 701.058 GC heap before
{Heap before GC invocations=2167 (full 0):
 garbage-first heap   total 256000K, used 157204K [0x0000000706600000, 0x0000000800000000)
  region size 2048K, 75 young (153600K), 1 survivors (2048K)
 Metaspace       used 14086K, capacity 14266K, committed 14464K, reserved 1062912K
  class space    used 1334K, capacity 1404K, committed 1408K, reserved 1048576K
}
Event: 701.060 GC heap after
{Heap after GC invocations=2168 (full 0):
 garbage-first heap   total 256000K, used 5646K [0x0000000706600000, 0x0000000800000000)
  region size 2048K, 1 young (2048K), 1 survivors (2048K)
 Metaspace       used 14086K, capacity 14266K, committed 14464K, reserved 1062912K
  class space    used 1334K, capacity 1404K, committed 1408K, reserved 1048576K
}
Event: 701.397 GC heap before
{Heap before GC invocations=2168 (full 0):
 garbage-first heap   total 256000K, used 157198K [0x0000000706600000, 0x0000000800000000)
  region size 2048K, 75 young (153600K), 1 survivors (2048K)
 Metaspace       used 14086K, capacity 14266K, committed 14464K, reserved 1062912K
  class space    used 1334K, capacity 1404K, committed 1408K, reserved 1048576K
}
Event: 701.398 GC heap after
{Heap after GC invocations=2169 (full 0):
 garbage-first heap   total 256000K, used 5651K [0x0000000706600000, 0x0000000800000000)
  region size 2048K, 1 young (2048K), 1 survivors (2048K)
 Metaspace       used 14086K, capacity 14266K, committed 14464K, reserved 1062912K
  class space    used 1334K, capacity 1404K, committed 1408K, reserved 1048576K
}
Event: 701.711 GC heap before
{Heap before GC invocations=2169 (full 0):
 garbage-first heap   total 256000K, used 157203K [0x0000000706600000, 0x0000000800000000)
  region size 2048K, 75 young (153600K), 1 survivors (2048K)
 Metaspace       used 14086K, capacity 14266K, committed 14464K, reserved 1062912K
  class space    used 1334K, capacity 1404K, committed 1408K, reserved 1048576K
}
Event: 701.713 GC heap after
{Heap after GC invocations=2170 (full 0):
 garbage-first heap   total 256000K, used 5655K [0x0000000706600000, 0x0000000800000000)
  region size 2048K, 1 young (2048K), 1 survivors (2048K)
 Metaspace       used 14086K, capacity 14266K, committed 14464K, reserved 1062912K
  class space    used 1334K, capacity 1404K, committed 1408K, reserved 1048576K
}
Event: 702.027 GC heap before
{Heap before GC invocations=2170 (full 0):
 garbage-first heap   total 256000K, used 157207K [0x0000000706600000, 0x0000000800000000)
  region size 2048K, 75 young (153600K), 1 survivors (2048K)
 Metaspace       used 14086K, capacity 14266K, committed 14464K, reserved 1062912K
  class space    used 1334K, capacity 1404K, committed 1408K, reserved 1048576K
}
Event: 702.028 GC heap after
{Heap after GC invocations=2171 (full 0):
 garbage-first heap   total 256000K, used 5654K [0x0000000706600000, 0x0000000800000000)
  region size 2048K, 1 young (2048K), 1 survivors (2048K)
 Metaspace       used 14086K, capacity 14266K, committed 14464K, reserved 1062912K
  class space    used 1334K, capacity 1404K, committed 1408K, reserved 1048576K
}
Event: 702.315 GC heap before
{Heap before GC invocations=2171 (full 0):
 garbage-first heap   total 256000K, used 157206K [0x0000000706600000, 0x0000000800000000)
  region size 2048K, 75 young (153600K), 1 survivors (2048K)
 Metaspace       used 14086K, capacity 14266K, committed 14464K, reserved 1062912K
  class space    used 1334K, capacity 1404K, committed 1408K, reserved 1048576K
}
Event: 702.316 GC heap after
{Heap after GC invocations=2172 (full 0):
 garbage-first heap   total 256000K, used 5654K [0x0000000706600000, 0x0000000800000000)
  region size 2048K, 1 young (2048K), 1 survivors (2048K)
 Metaspace       used 14086K, capacity 14266K, committed 14464K, reserved 1062912K
  class space    used 1334K, capacity 1404K, committed 1408K, reserved 1048576K
}

Deoptimization events (20 events):
Event: 613.911 Thread 0x00007f3118007a60 DEOPT PACKING pc=0x00007f31911aa504 sp=0x00007f315de58980
Event: 613.911 Thread 0x00007f3118007a60 DEOPT UNPACKING pc=0x00007f318965cf2b sp=0x00007f315de57e10 mode 1
Event: 613.911 Thread 0x00007f3118007a60 Uncommon trap: trap_request=0xffffff45 fr.pc=0x00007f3191153540 relative=0x00000000000001c0
Event: 613.911 Thread 0x00007f3118007a60 Uncommon trap: reason=unstable_if action=reinterpret pc=0x00007f3191153540 method=sun.nio.ch.SelectorImpl.processReadyEvents(ILsun/nio/ch/SelectionKeyImpl;Ljava/util/function/Consumer;)I @ 69 c2
Event: 613.911 Thread 0x00007f3118007a60 DEOPT PACKING pc=0x00007f3191153540 sp=0x00007f315de587a0
Event: 613.911 Thread 0x00007f3118007a60 DEOPT UNPACKING pc=0x00007f318965d125 sp=0x00007f315de587a0 mode 2
Event: 684.143 Thread 0x00007f3120018bb0 DEOPT PACKING pc=0x00007f31911a1ff1 sp=0x00007f315dc568d0
Event: 684.143 Thread 0x00007f3118007a60 DEOPT PACKING pc=0x00007f31911a61f4 sp=0x00007f315de58980
Event: 684.143 Thread 0x00007f312400c700 DEOPT PACKING pc=0x00007f31911a1ff1 sp=0x00007f315dd578d0
Event: 684.143 Thread 0x00007f3118007a60 DEOPT UNPACKING pc=0x00007f318965cf2b sp=0x00007f315de57e78 mode 0
Event: 684.143 Thread 0x00007f3120018bb0 DEOPT UNPACKING pc=0x00007f318965cf2b sp=0x00007f315dc55d50 mode 0
Event: 684.143 Thread 0x00007f312400c700 DEOPT UNPACKING pc=0x00007f318965cf2b sp=0x00007f315dd56d50 mode 0
Event: 684.143 Thread 0x00007f312400c700 DEOPT PACKING pc=0x00007f31911a5ae0 sp=0x00007f315dd57980
Event: 684.143 Thread 0x00007f3120018bb0 DEOPT PACKING pc=0x00007f31911a5ae0 sp=0x00007f315dc56980
Event: 684.143 Thread 0x00007f312400c700 DEOPT UNPACKING pc=0x00007f318965cf2b sp=0x00007f315dd56e10 mode 0
Event: 684.143 Thread 0x00007f3120018bb0 DEOPT UNPACKING pc=0x00007f318965cf2b sp=0x00007f315dc55e10 mode 0
Event: 685.444 Thread 0x00007f3118007a60 Uncommon trap: trap_request=0xffffff45 fr.pc=0x00007f31911cc7cc relative=0x000000000000106c
Event: 685.444 Thread 0x00007f3118007a60 Uncommon trap: reason=unstable_if action=reinterpret pc=0x00007f31911cc7cc method=uk.co.alvagem.sofabed.MessageProcessor.onWrite(Ljava/nio/channels/SelectionKey;)V @ 30 c2
Event: 685.444 Thread 0x00007f3118007a60 DEOPT PACKING pc=0x00007f31911cc7cc sp=0x00007f315de588e0
Event: 685.444 Thread 0x00007f3118007a60 DEOPT UNPACKING pc=0x00007f318965d125 sp=0x00007f315de588d8 mode 2

Classes unloaded (0 events):
No events

Classes redefined (3 events):
Event: 83.055 Thread 0x00007f319c202fd0 redefined class name=uk.co.alvagem.sofabed.MessageProcessor, count=1
Event: 89.089 Thread 0x00007f319c202fd0 redefined class name=uk.co.alvagem.sofabed.MessageProcessor, count=2
Event: 684.138 Thread 0x00007f319c202fd0 redefined class name=uk.co.alvagem.sofabed.MessageProcessor, count=3

Internal exceptions (20 events):
Event: 0.231 Thread 0x00007f319c02ae80 Exception <a 'java/lang/NoSuchMethodError'{0x0000000715a52c48}: 'java.lang.Object java.lang.invoke.DirectMethodHandle$Holder.invokeInterface(java.lang.Object, java.lang.Object)'> (0x0000000715a52c48) 
thrown [open/src/hotspot/share/interpreter/linkResolver.cpp, line 781]
Event: 0.231 Thread 0x00007f319c02ae80 Exception <a 'java/lang/IncompatibleClassChangeError'{0x0000000715a56398}: Found class java.lang.Object, but interface was expected> (0x0000000715a56398) 
thrown [open/src/hotspot/share/interpreter/linkResolver.cpp, line 848]
Event: 0.232 Thread 0x00007f319c02ae80 Exception <a 'java/lang/NoSuchMethodError'{0x0000000715a59390}: 'void java.lang.invoke.DirectMethodHandle$Holder.invokeStatic(java.lang.Object, java.lang.Object, java.lang.Object, java.lang.Object)'> (0x0000000715a59390) 
thrown [open/src/hotspot/share/interpreter/linkResolver.cpp, line 781]
Event: 0.371 Thread 0x00007f319c02ae80 Exception <a 'java/lang/NoSuchMethodError'{0x0000000715b834d8}: 'void java.lang.invoke.DirectMethodHandle$Holder.invokeStatic(java.lang.Object, java.lang.Object)'> (0x0000000715b834d8) 
thrown [open/src/hotspot/share/interpreter/linkResolver.cpp, line 781]
Event: 0.372 Thread 0x00007f319c02ae80 Exception <a 'java/lang/NoSuchMethodError'{0x0000000715b86d98}: 'void java.lang.invoke.DirectMethodHandle$Holder.invokeStaticInit(java.lang.Object, java.lang.Object)'> (0x0000000715b86d98) 
thrown [open/src/hotspot/share/interpreter/linkResolver.cpp, line 781]
Event: 0.484 Thread 0x00007f319c02ae80 Exception <a 'java/lang/NoSuchMethodError'{0x0000000715966480}: 'java.lang.Object java.lang.invoke.DirectMethodHandle$Holder.invokeStatic(java.lang.Object)'> (0x0000000715966480) 
thrown [open/src/hotspot/share/interpreter/linkResolver.cpp, line 781]
Event: 0.532 Thread 0x00007f319c02ae80 Exception <a 'java/lang/NoSuchMethodError'{0x0000000715687d30}: 'java.lang.Object java.lang.invoke.DirectMethodHandle$Holder.invokeStaticInit(java.lang.Object)'> (0x0000000715687d30) 
thrown [open/src/hotspot/share/interpreter/linkResolver.cpp, line 781]
Event: 0.540 Thread 0x00007f319c02ae80 Exception <a 'java/lang/NoSuchMethodError'{0x00000007156c2348}: 'void java.lang.invoke.DirectMethodHandle$Holder.invokeSpecial(java.lang.Object, java.lang.Object, java.lang.Object)'> (0x00000007156c2348) 
thrown [open/src/hotspot/share/interpreter/linkResolver.cpp, line 781]
Event: 0.546 Thread 0x00007f319c02ae80 Exception <a 'sun/nio/fs/UnixException'{0x00000007156e2738}> (0x00000007156e2738) 
thrown [open/src/hotspot/share/prims/jni.cpp, line 578]
Event: 0.566 Thread 0x00007f319c02ae80 Exception <a 'java/lang/NoSuchMethodError'{0x0000000715765468}: 'java.lang.Object java.lang.invoke.DirectMethodHandle$Holder.invokeStaticInit(java.lang.Object, java.lang.Object, java.lang.Object)'> (0x0000000715765468) 
thrown [open/src/hotspot/share/interpreter/linkResolver.cpp, line 781]
Event: 0.570 Thread 0x00007f319c02ae80 Exception <a 'java/lang/NoSuchMethodError'{0x0000000715784df0}: 'int java.lang.invoke.DirectMethodHandle$Holder.invokeInterface(java.lang.Object, java.lang.Object)'> (0x0000000715784df0) 
thrown [open/src/hotspot/share/interpreter/linkResolver.cpp, line 781]
Event: 0.571 Thread 0x00007f319c02ae80 Exception <a 'java/lang/IncompatibleClassChangeError'{0x00000007157885e8}: Found class java.lang.Object, but interface was expected> (0x00000007157885e8) 
thrown [open/src/hotspot/share/interpreter/linkResolver.cpp, line 848]
Event: 0.630 Thread 0x00007f319c02ae80 Exception <a 'java/lang/NoSuchMethodError'{0x00000007154cd500}: 'int java.lang.invoke.DirectMethodHandle$Holder.invokeStaticInit(java.lang.Object, java.lang.Object)'> (0x00000007154cd500) 
thrown [open/src/hotspot/share/interpreter/linkResolver.cpp, line 781]
Event: 0.632 Thread 0x00007f319c02ae80 Exception <a 'java/lang/NoSuchMethodError'{0x00000007154d6310}: 'void java.lang.invoke.DirectMethodHandle$Holder.invokeStatic(java.lang.Object, java.lang.Object, java.lang.Object)'> (0x00000007154d6310) 
thrown [open/src/hotspot/share/interpreter/linkResolver.cpp, line 781]
Event: 0.632 Thread 0x00007f319c02ae80 Exception <a 'java/lang/NoSuchMethodError'{0x00000007154d9c00}: 'void java.lang.invoke.DirectMethodHandle$Holder.invokeStaticInit(java.lang.Object, java.lang.Object, java.lang.Object)'> (0x00000007154d9c00) 
thrown [open/src/hotspot/share/interpreter/linkResolver.cpp, line 781]
Event: 0.637 Thread 0x00007f319c02ae80 Exception <a 'java/lang/NoSuchMethodError'{0x00000007154fa510}: 'long java.lang.invoke.DirectMethodHandle$Holder.invokeStatic(java.lang.Object, java.lang.Object)'> (0x00000007154fa510) 
thrown [open/src/hotspot/share/interpreter/linkResolver.cpp, line 781]
Event: 0.652 Thread 0x00007f319c02ae80 Exception <a 'java/lang/NoSuchMethodError'{0x0000000715558478}: 'int java.lang.invoke.DirectMethodHandle$Holder.invokeSpecial(java.lang.Object, java.lang.Object, java.lang.Object)'> (0x0000000715558478) 
thrown [open/src/hotspot/share/interpreter/linkResolver.cpp, line 781]
Event: 0.749 Thread 0x00007f319c568630 Exception <a 'sun/nio/fs/UnixException'{0x00000007153dca58}> (0x00000007153dca58) 
thrown [open/src/hotspot/share/prims/jni.cpp, line 578]
Event: 0.752 Thread 0x00007f319c568630 Exception <a 'java/lang/ClassNotFoundException'{0x00000007153eaf80}: jdk/net/ExtendedSocketOptions> (0x00000007153eaf80) 
thrown [open/src/hotspot/share/classfile/systemDictionary.cpp, line 295]
Event: 702.457 Thread 0x00007f319c3cc790 Exception <a 'java/lang/LinkageError'{0x0000000711a00078}> (0x0000000711a00078) 
thrown [open/src/hotspot/share/oops/generateOopMap.cpp, line 2137]

Events (20 events):
Event: 702.316 Executing VM operation: G1CollectForAllocation done
Event: 702.316 Executing VM operation: HandshakeAllThreads
Event: 702.316 Executing VM operation: HandshakeAllThreads done
Event: 702.447 Executing VM operation: GetFrameCount
Event: 702.447 Executing VM operation: GetFrameCount done
Event: 702.447 Executing VM operation: GetStackTrace
Event: 702.447 Executing VM operation: GetStackTrace done
Event: 702.447 Executing VM operation: HandshakeAllThreads
Event: 702.448 Executing VM operation: HandshakeAllThreads done
Event: 702.448 Executing VM operation: GetFrameCount
Event: 702.448 Executing VM operation: GetFrameCount done
Event: 702.453 Executing VM operation: GetFrameCount
Event: 702.453 Executing VM operation: GetFrameCount done
Event: 702.454 Executing VM operation: GetStackTrace
Event: 702.454 Executing VM operation: GetStackTrace done
Event: 702.454 Executing VM operation: GetFrameCount
Event: 702.454 Executing VM operation: GetFrameCount done
Event: 702.457 Executing VM operation: GetFrameLocation
Event: 702.457 Executing VM operation: GetFrameLocation done
Event: 702.457 Protecting memory [0x00007f31a1839000,0x00007f31a183a000] with protection modes 7


Dynamic libraries:
706600000-716000000 rw-p 00000000 00:00 0 
716000000-800000000 ---p 00000000 00:00 0 
800000000-800160000 rw-p 00000000 00:00 0 
800160000-840000000 ---p 00000000 00:00 0 
556a43b53000-556a43b54000 r-xp 00000000 fd:04 15866738                   /home/rbp28668/.p2/pool/plugins/org.eclipse.justj.openjdk.hotspot.jre.full.linux.x86_64_15.0.1.v20201027-0507/jre/bin/java
556a43b55000-556a43b56000 r--p 00001000 fd:04 15866738                   /home/rbp28668/.p2/pool/plugins/org.eclipse.justj.openjdk.hotspot.jre.full.linux.x86_64_15.0.1.v20201027-0507/jre/bin/java
556a43b56000-556a43b57000 rw-p 00002000 fd:04 15866738                   /home/rbp28668/.p2/pool/plugins/org.eclipse.justj.openjdk.hotspot.jre.full.linux.x86_64_15.0.1.v20201027-0507/jre/bin/java
556a44ccc000-556a44ced000 rw-p 00000000 00:00 0                          [heap]
7f30c0000000-7f30c0021000 rw-p 00000000 00:00 0 
7f30c0021000-7f30c4000000 ---p 00000000 00:00 0 
7f30c4000000-7f30c4340000 rw-p 00000000 00:00 0 
7f30c4340000-7f30c8000000 ---p 00000000 00:00 0 
7f30c8000000-7f30c8021000 rw-p 00000000 00:00 0 
7f30c8021000-7f30cc000000 ---p 00000000 00:00 0 
7f30cc000000-7f30cc021000 rw-p 00000000 00:00 0 
7f30cc021000-7f30d0000000 ---p 00000000 00:00 0 
7f30d0000000-7f30d0021000 rw-p 00000000 00:00 0 
7f30d0021000-7f30d4000000 ---p 00000000 00:00 0 
7f30d4000000-7f30d4021000 rw-p 00000000 00:00 0 
7f30d4021000-7f30d8000000 ---p 00000000 00:00 0 
7f30d8000000-7f30d8021000 rw-p 00000000 00:00 0 
7f30d8021000-7f30dc000000 ---p 00000000 00:00 0 
7f30dc000000-7f30dc021000 rw-p 00000000 00:00 0 
7f30dc021000-7f30e0000000 ---p 00000000 00:00 0 
7f30e0000000-7f30e0021000 rw-p 00000000 00:00 0 
7f30e0021000-7f30e4000000 ---p 00000000 00:00 0 
7f30e4000000-7f30e4021000 rw-p 00000000 00:00 0 
7f30e4021000-7f30e8000000 ---p 00000000 00:00 0 
7f30e8000000-7f30e8021000 rw-p 00000000 00:00 0 
7f30e8021000-7f30ec000000 ---p 00000000 00:00 0 
7f30ec000000-7f30ec021000 rw-p 00000000 00:00 0 
7f30ec021000-7f30f0000000 ---p 00000000 00:00 0 
7f30f0000000-7f30f0021000 rw-p 00000000 00:00 0 
7f30f0021000-7f30f4000000 ---p 00000000 00:00 0 
7f30f4000000-7f30f4021000 rw-p 00000000 00:00 0 
7f30f4021000-7f30f8000000 ---p 00000000 00:00 0 
7f30f8000000-7f30f8021000 rw-p 00000000 00:00 0 
7f30f8021000-7f30fc000000 ---p 00000000 00:00 0 
7f30fc000000-7f30fc021000 rw-p 00000000 00:00 0 
7f30fc021000-7f3100000000 ---p 00000000 00:00 0 
7f3100000000-7f3100021000 rw-p 00000000 00:00 0 
7f3100021000-7f3104000000 ---p 00000000 00:00 0 
7f3104000000-7f3104021000 rw-p 00000000 00:00 0 
7f3104021000-7f3108000000 ---p 00000000 00:00 0 
7f3108000000-7f3108021000 rw-p 00000000 00:00 0 
7f3108021000-7f310c000000 ---p 00000000 00:00 0 
7f310c000000-7f310c021000 rw-p 00000000 00:00 0 
7f310c021000-7f3110000000 ---p 00000000 00:00 0 
7f3110000000-7f3110021000 rw-p 00000000 00:00 0 
7f3110021000-7f3114000000 ---p 00000000 00:00 0 
7f3114000000-7f3114021000 rw-p 00000000 00:00 0 
7f3114021000-7f3118000000 ---p 00000000 00:00 0 
7f3118000000-7f3118021000 rw-p 00000000 00:00 0 
7f3118021000-7f311c000000 ---p 00000000 00:00 0 
7f311c000000-7f311c021000 rw-p 00000000 00:00 0 
7f311c021000-7f3120000000 ---p 00000000 00:00 0 
7f3120000000-7f3120022000 rw-p 00000000 00:00 0 
7f3120022000-7f3124000000 ---p 00000000 00:00 0 
7f3124000000-7f3124021000 rw-p 00000000 00:00 0 
7f3124021000-7f3128000000 ---p 00000000 00:00 0 
7f3128000000-7f3128021000 rw-p 00000000 00:00 0 
7f3128021000-7f312c000000 ---p 00000000 00:00 0 
7f312c000000-7f312c021000 rw-p 00000000 00:00 0 
7f312c021000-7f3130000000 ---p 00000000 00:00 0 
7f3130000000-7f3130021000 rw-p 00000000 00:00 0 
7f3130021000-7f3134000000 ---p 00000000 00:00 0 
7f3134000000-7f31344c1000 rw-p 00000000 00:00 0 
7f31344c1000-7f3138000000 ---p 00000000 00:00 0 
7f3138000000-7f3138021000 rw-p 00000000 00:00 0 
7f3138021000-7f313c000000 ---p 00000000 00:00 0 
7f313c000000-7f313c021000 rw-p 00000000 00:00 0 
7f313c021000-7f3140000000 ---p 00000000 00:00 0 
7f3140000000-7f3140021000 rw-p 00000000 00:00 0 
7f3140021000-7f3144000000 ---p 00000000 00:00 0 
7f3144000000-7f3144021000 rw-p 00000000 00:00 0 
7f3144021000-7f3148000000 ---p 00000000 00:00 0 
7f3148000000-7f3148ea3000 rw-p 00000000 00:00 0 
7f3148ea3000-7f314c000000 ---p 00000000 00:00 0 
7f314c000000-7f314c1c9000 rw-p 00000000 00:00 0 
7f314c1c9000-7f3150000000 ---p 00000000 00:00 0 
7f3150000000-7f3150021000 rw-p 00000000 00:00 0 
7f3150021000-7f3154000000 ---p 00000000 00:00 0 
7f3154000000-7f3154021000 rw-p 00000000 00:00 0 
7f3154021000-7f3158000000 ---p 00000000 00:00 0 
7f3158000000-7f3158021000 rw-p 00000000 00:00 0 
7f3158021000-7f315c000000 ---p 00000000 00:00 0 
7f315c9db000-7f315cd42000 rw-p 00000000 00:00 0 
7f315cd42000-7f315cd46000 ---p 00000000 00:00 0 
7f315cd46000-7f315ce43000 rw-p 00000000 00:00 0 
7f315ce43000-7f315ce44000 ---p 00000000 00:00 0 
7f315ce44000-7f315cf45000 rw-p 00000000 00:00 0 
7f315cf45000-7f315cf46000 ---p 00000000 00:00 0 
7f315cf46000-7f315d047000 rw-p 00000000 00:00 0 
7f315d047000-7f315d048000 ---p 00000000 00:00 0 
7f315d048000-7f315d149000 rw-p 00000000 00:00 0 
7f315d149000-7f315d14a000 ---p 00000000 00:00 0 
7f315d14a000-7f315d24b000 rw-p 00000000 00:00 0 
7f315d24b000-7f315d24c000 ---p 00000000 00:00 0 
7f315d24c000-7f315d34d000 rw-p 00000000 00:00 0 
7f315d34d000-7f315d34e000 ---p 00000000 00:00 0 
7f315d34e000-7f315d44f000 rw-p 00000000 00:00 0 
7f315d44f000-7f315d450000 ---p 00000000 00:00 0 
7f315d450000-7f315d551000 rw-p 00000000 00:00 0 
7f315d551000-7f315d555000 ---p 00000000 00:00 0 
7f315d555000-7f315d652000 rw-p 00000000 00:00 0 
7f315d652000-7f315d656000 ---p 00000000 00:00 0 
7f315d656000-7f315d753000 rw-p 00000000 00:00 0 
7f315d753000-7f315d757000 ---p 00000000 00:00 0 
7f315d757000-7f315d854000 rw-p 00000000 00:00 0 
7f315d854000-7f315d858000 ---p 00000000 00:00 0 
7f315d858000-7f315d955000 rw-p 00000000 00:00 0 
7f315d955000-7f315d959000 ---p 00000000 00:00 0 
7f315d959000-7f315da56000 rw-p 00000000 00:00 0 
7f315da56000-7f315da5a000 ---p 00000000 00:00 0 
7f315da5a000-7f315db57000 rw-p 00000000 00:00 0 
7f315db57000-7f315db5b000 ---p 00000000 00:00 0 
7f315db5b000-7f315dc58000 rw-p 00000000 00:00 0 
7f315dc58000-7f315dc5c000 ---p 00000000 00:00 0 
7f315dc5c000-7f315dd59000 rw-p 00000000 00:00 0 
7f315dd59000-7f315dd5d000 ---p 00000000 00:00 0 
7f315dd5d000-7f315de5a000 rw-p 00000000 00:00 0 
7f315de5a000-7f315de5e000 ---p 00000000 00:00 0 
7f315de5e000-7f315df5b000 rw-p 00000000 00:00 0 
7f315df5b000-7f315df5f000 ---p 00000000 00:00 0 
7f315df5f000-7f315e05c000 rw-p 00000000 00:00 0 
7f315e05c000-7f315e060000 ---p 00000000 00:00 0 
7f315e060000-7f315e15d000 rw-p 00000000 00:00 0 
7f315e15d000-7f315e161000 ---p 00000000 00:00 0 
7f315e161000-7f315e25e000 rw-p 00000000 00:00 0 
7f315e25e000-7f315e262000 ---p 00000000 00:00 0 
7f315e262000-7f315e35f000 rw-p 00000000 00:00 0 
7f315e35f000-7f315e363000 ---p 00000000 00:00 0 
7f315e363000-7f315e520000 rw-p 00000000 00:00 0 
7f315e520000-7f315e660000 ---p 00000000 00:00 0 
7f315e661000-7f315e665000 ---p 00000000 00:00 0 
7f315e665000-7f315e762000 rw-p 00000000 00:00 0 
7f315e762000-7f315e766000 ---p 00000000 00:00 0 
7f315e766000-7f315e863000 rw-p 00000000 00:00 0 
7f315e863000-7f315e867000 ---p 00000000 00:00 0 
7f315e867000-7f315eb64000 rw-p 00000000 00:00 0 
7f315eb64000-7f315eb69000 r-xp 00000000 fd:04 16649728                   /home/rbp28668/.p2/pool/plugins/org.eclipse.justj.openjdk.hotspot.jre.full.linux.x86_64_15.0.1.v20201027-0507/jre/lib/libmanagement_ext.so
7f315eb69000-7f315eb6a000 r--p 00004000 fd:04 16649728                   /home/rbp28668/.p2/pool/plugins/org.eclipse.justj.openjdk.hotspot.jre.full.linux.x86_64_15.0.1.v20201027-0507/jre/lib/libmanagement_ext.so
7f315eb6a000-7f315eb6b000 rw-p 00005000 fd:04 16649728                   /home/rbp28668/.p2/pool/plugins/org.eclipse.justj.openjdk.hotspot.jre.full.linux.x86_64_15.0.1.v20201027-0507/jre/lib/libmanagement_ext.so
7f315eb6b000-7f315eb6f000 r-xp 00000000 fd:04 16649726                   /home/rbp28668/.p2/pool/plugins/org.eclipse.justj.openjdk.hotspot.jre.full.linux.x86_64_15.0.1.v20201027-0507/jre/lib/libmanagement.so
7f315eb6f000-7f315eb70000 r--p 00003000 fd:04 16649726                   /home/rbp28668/.p2/pool/plugins/org.eclipse.justj.openjdk.hotspot.jre.full.linux.x86_64_15.0.1.v20201027-0507/jre/lib/libmanagement.so
7f315eb70000-7f315eb71000 rw-p 00004000 fd:04 16649726                   /home/rbp28668/.p2/pool/plugins/org.eclipse.justj.openjdk.hotspot.jre.full.linux.x86_64_15.0.1.v20201027-0507/jre/lib/libmanagement.so
7f315eb71000-7f315eb7e000 r-xp 00000000 fd:04 16649714                   /home/rbp28668/.p2/pool/plugins/org.eclipse.justj.openjdk.hotspot.jre.full.linux.x86_64_15.0.1.v20201027-0507/jre/lib/libverify.so
7f315eb7e000-7f315eb80000 r--p 0000c000 fd:04 16649714                   /home/rbp28668/.p2/pool/plugins/org.eclipse.justj.openjdk.hotspot.jre.full.linux.x86_64_15.0.1.v20201027-0507/jre/lib/libverify.so
7f315eb80000-7f315eb81000 rw-p 0000e000 fd:04 16649714                   /home/rbp28668/.p2/pool/plugins/org.eclipse.justj.openjdk.hotspot.jre.full.linux.x86_64_15.0.1.v20201027-0507/jre/lib/libverify.so
7f315eb81000-7f315eb82000 ---p 00000000 00:00 0 
7f315eb82000-7f315ec83000 rw-p 00000000 00:00 0 
7f315ec83000-7f315ec87000 ---p 00000000 00:00 0 
7f315ec87000-7f315ef84000 rw-p 00000000 00:00 0 
7f315ef85000-7f315ef89000 ---p 00000000 00:00 0 
7f315ef89000-7f315f086000 rw-p 00000000 00:00 0 
7f315f086000-7f315f08a000 ---p 00000000 00:00 0 
7f315f08a000-7f315f187000 rw-p 00000000 00:00 0 
7f315f187000-7f315f18b000 ---p 00000000 00:00 0 
7f315f18b000-7f315f288000 rw-p 00000000 00:00 0 
7f315f288000-7f315f28c000 ---p 00000000 00:00 0 
7f315f28c000-7f315f389000 rw-p 00000000 00:00 0 
7f315f389000-7f315f38d000 ---p 00000000 00:00 0 
7f315f38d000-7f315f48a000 rw-p 00000000 00:00 0 
7f315f48a000-7f315f48e000 ---p 00000000 00:00 0 
7f315f48e000-7f315f58b000 rw-p 00000000 00:00 0 
7f315f58b000-7f315f58f000 ---p 00000000 00:00 0 
7f315f58f000-7f315f68c000 rw-p 00000000 00:00 0 
7f315f68c000-7f315f690000 ---p 00000000 00:00 0 
7f315f690000-7f315f78d000 rw-p 00000000 00:00 0 
7f315f78d000-7f315f791000 ---p 00000000 00:00 0 
7f315f791000-7f315f88e000 rw-p 00000000 00:00 0 
7f315f88e000-7f315f892000 ---p 00000000 00:00 0 
7f315f892000-7f315f98f000 rw-p 00000000 00:00 0 
7f315f98f000-7f315feff000 r--p 00000000 fd:04 13638693                   /usr/lib/locale/locale-archive
7f315feff000-7f315ff03000 ---p 00000000 00:00 0 
7f315ff03000-7f3160000000 rw-p 00000000 00:00 0 
7f3160000000-7f3160025000 rw-p 00000000 00:00 0 
7f3160025000-7f3164000000 ---p 00000000 00:00 0 
7f3164000000-7f3164021000 rw-p 00000000 00:00 0 
7f3164021000-7f3168000000 ---p 00000000 00:00 0 
7f3168000000-7f3168021000 rw-p 00000000 00:00 0 
7f3168021000-7f316c000000 ---p 00000000 00:00 0 
7f316c000000-7f316c021000 rw-p 00000000 00:00 0 
7f316c021000-7f3170000000 ---p 00000000 00:00 0 
7f3170000000-7f3170021000 rw-p 00000000 00:00 0 
7f3170021000-7f3174000000 ---p 00000000 00:00 0 
7f3174000000-7f3174021000 rw-p 00000000 00:00 0 
7f3174021000-7f3178000000 ---p 00000000 00:00 0 
7f3178000000-7f3178021000 rw-p 00000000 00:00 0 
7f3178021000-7f317c000000 ---p 00000000 00:00 0 
7f317c005000-7f317c01a000 r-xp 00000000 fd:04 16649719                   /home/rbp28668/.p2/pool/plugins/org.eclipse.justj.openjdk.hotspot.jre.full.linux.x86_64_15.0.1.v20201027-0507/jre/lib/libnet.so
7f317c01a000-7f317c01b000 r--p 00014000 fd:04 16649719                   /home/rbp28668/.p2/pool/plugins/org.eclipse.justj.openjdk.hotspot.jre.full.linux.x86_64_15.0.1.v20201027-0507/jre/lib/libnet.so
7f317c01b000-7f317c01c000 rw-p 00015000 fd:04 16649719                   /home/rbp28668/.p2/pool/plugins/org.eclipse.justj.openjdk.hotspot.jre.full.linux.x86_64_15.0.1.v20201027-0507/jre/lib/libnet.so
7f317c01c000-7f317c02e000 r-xp 00000000 fd:04 16649721                   /home/rbp28668/.p2/pool/plugins/org.eclipse.justj.openjdk.hotspot.jre.full.linux.x86_64_15.0.1.v20201027-0507/jre/lib/libnio.so
7f317c02e000-7f317c02f000 r--p 00011000 fd:04 16649721                   /home/rbp28668/.p2/pool/plugins/org.eclipse.justj.openjdk.hotspot.jre.full.linux.x86_64_15.0.1.v20201027-0507/jre/lib/libnio.so
7f317c02f000-7f317c030000 rw-p 00012000 fd:04 16649721                   /home/rbp28668/.p2/pool/plugins/org.eclipse.justj.openjdk.hotspot.jre.full.linux.x86_64_15.0.1.v20201027-0507/jre/lib/libnio.so
7f317c030000-7f317c034000 ---p 00000000 00:00 0 
7f317c034000-7f317c131000 rw-p 00000000 00:00 0 
7f317c131000-7f317c132000 ---p 00000000 00:00 0 
7f317c132000-7f317cb50000 rw-p 00000000 00:00 0 
7f317cb52000-7f317cb53000 ---p 00000000 00:00 0 
7f317cb53000-7f317cc54000 rw-p 00000000 00:00 0 
7f317cc54000-7f317cc55000 ---p 00000000 00:00 0 
7f317cc55000-7f317f55e000 rw-p 00000000 00:00 0 
7f317f55e000-7f317f55f000 ---p 00000000 00:00 0 
7f317f55f000-7f317f660000 rw-p 00000000 00:00 0 
7f317f660000-7f317f661000 ---p 00000000 00:00 0 
7f317f661000-7f317f762000 rw-p 00000000 00:00 0 
7f317f762000-7f317f763000 ---p 00000000 00:00 0 
7f317f763000-7f317fccd000 rw-p 00000000 00:00 0 
7f317fccd000-7f318374d000 ---p 00000000 00:00 0 
7f318374d000-7f3183b35000 rw-p 00000000 00:00 0 
7f3183b35000-7f31875b5000 ---p 00000000 00:00 0 
7f31875b5000-7f3187632000 rw-p 00000000 00:00 0 
7f3187632000-7f3187d82000 ---p 00000000 00:00 0 
7f3187d82000-7f3187dff000 rw-p 00000000 00:00 0 
7f3187dff000-7f318854f000 ---p 00000000 00:00 0 
7f318854f000-7f31885cc000 rw-p 00000000 00:00 0 
7f31885cc000-7f3188d1c000 ---p 00000000 00:00 0 
7f3188d1c000-7f3189529000 rw-p 00000000 00:00 0 
7f3189529000-7f318960f000 ---p 00000000 00:00 0 
7f318960f000-7f318987f000 rwxp 00000000 00:00 0 
7f318987f000-7f3189ba1000 ---p 00000000 00:00 0 
7f3189ba1000-7f3189e11000 rwxp 00000000 00:00 0 
7f3189e11000-7f31910d8000 ---p 00000000 00:00 0 
7f31910d8000-7f3191348000 rwxp 00000000 00:00 0 
7f3191348000-7f319860f000 ---p 00000000 00:00 0 
7f319860f000-7f319c000000 r--s 00000000 fd:04 16649693                   /home/rbp28668/.p2/pool/plugins/org.eclipse.justj.openjdk.hotspot.jre.full.linux.x86_64_15.0.1.v20201027-0507/jre/lib/modules
7f319c000000-7f319c577000 rw-p 00000000 00:00 0 
7f319c577000-7f31a0000000 ---p 00000000 00:00 0 
7f31a0003000-7f31a0008000 r-xp 00000000 fd:04 16649710                   /home/rbp28668/.p2/pool/plugins/org.eclipse.justj.openjdk.hotspot.jre.full.linux.x86_64_15.0.1.v20201027-0507/jre/lib/libdt_socket.so
7f31a0008000-7f31a0009000 r--p 00004000 fd:04 16649710                   /home/rbp28668/.p2/pool/plugins/org.eclipse.justj.openjdk.hotspot.jre.full.linux.x86_64_15.0.1.v20201027-0507/jre/lib/libdt_socket.so
7f31a0009000-7f31a000a000 rw-p 00005000 fd:04 16649710                   /home/rbp28668/.p2/pool/plugins/org.eclipse.justj.openjdk.hotspot.jre.full.linux.x86_64_15.0.1.v20201027-0507/jre/lib/libdt_socket.so
7f31a000a000-7f31a0011000 r--s 00000000 fd:04 14294519                   /usr/lib/x86_64-linux-gnu/gconv/gconv-modules.cache
7f31a0011000-7f31a0016000 rw-p 00000000 00:00 0 
7f31a0016000-7f31a00fc000 ---p 00000000 00:00 0 
7f31a00fc000-7f31a00ff000 r--p 00000000 fd:04 13643402                   /usr/lib/x86_64-linux-gnu/libnss_files-2.31.so
7f31a00ff000-7f31a0106000 r-xp 00003000 fd:04 13643402                   /usr/lib/x86_64-linux-gnu/libnss_files-2.31.so
7f31a0106000-7f31a0108000 r--p 0000a000 fd:04 13643402                   /usr/lib/x86_64-linux-gnu/libnss_files-2.31.so
7f31a0108000-7f31a0109000 r--p 0000b000 fd:04 13643402                   /usr/lib/x86_64-linux-gnu/libnss_files-2.31.so
7f31a0109000-7f31a010a000 rw-p 0000c000 fd:04 13643402                   /usr/lib/x86_64-linux-gnu/libnss_files-2.31.so
7f31a010a000-7f31a0110000 rw-p 00000000 00:00 0 
7f31a0111000-7f31a0118000 r-xp 00000000 fd:04 16649717                   /home/rbp28668/.p2/pool/plugins/org.eclipse.justj.openjdk.hotspot.jre.full.linux.x86_64_15.0.1.v20201027-0507/jre/lib/libzip.so
7f31a0118000-7f31a0119000 ---p 00007000 fd:04 16649717                   /home/rbp28668/.p2/pool/plugins/org.eclipse.justj.openjdk.hotspot.jre.full.linux.x86_64_15.0.1.v20201027-0507/jre/lib/libzip.so
7f31a0119000-7f31a011a000 r--p 00007000 fd:04 16649717                   /home/rbp28668/.p2/pool/plugins/org.eclipse.justj.openjdk.hotspot.jre.full.linux.x86_64_15.0.1.v20201027-0507/jre/lib/libzip.so
7f31a011a000-7f31a011b000 rw-p 00008000 fd:04 16649717                   /home/rbp28668/.p2/pool/plugins/org.eclipse.justj.openjdk.hotspot.jre.full.linux.x86_64_15.0.1.v20201027-0507/jre/lib/libzip.so
7f31a011b000-7f31a0120000 rw-p 00000000 00:00 0 
7f31a0120000-7f31a0127000 ---p 00000000 00:00 0 
7f31a0127000-7f31a014b000 r-xp 00000000 fd:04 16649716                   /home/rbp28668/.p2/pool/plugins/org.eclipse.justj.openjdk.hotspot.jre.full.linux.x86_64_15.0.1.v20201027-0507/jre/lib/libjava.so
7f31a014b000-7f31a014c000 ---p 00024000 fd:04 16649716                   /home/rbp28668/.p2/pool/plugins/org.eclipse.justj.openjdk.hotspot.jre.full.linux.x86_64_15.0.1.v20201027-0507/jre/lib/libjava.so
7f31a014c000-7f31a014d000 r--p 00024000 fd:04 16649716                   /home/rbp28668/.p2/pool/plugins/org.eclipse.justj.openjdk.hotspot.jre.full.linux.x86_64_15.0.1.v20201027-0507/jre/lib/libjava.so
7f31a014d000-7f31a014e000 rw-p 00025000 fd:04 16649716                   /home/rbp28668/.p2/pool/plugins/org.eclipse.justj.openjdk.hotspot.jre.full.linux.x86_64_15.0.1.v20201027-0507/jre/lib/libjava.so
7f31a014e000-7f31a014f000 rw-p 00000000 00:00 0 
7f31a014f000-7f31a018c000 r-xp 00000000 fd:04 16649711                   /home/rbp28668/.p2/pool/plugins/org.eclipse.justj.openjdk.hotspot.jre.full.linux.x86_64_15.0.1.v20201027-0507/jre/lib/libjdwp.so
7f31a018c000-7f31a018d000 r--p 0003c000 fd:04 16649711                   /home/rbp28668/.p2/pool/plugins/org.eclipse.justj.openjdk.hotspot.jre.full.linux.x86_64_15.0.1.v20201027-0507/jre/lib/libjdwp.so
7f31a018d000-7f31a018e000 rw-p 0003d000 fd:04 16649711                   /home/rbp28668/.p2/pool/plugins/org.eclipse.justj.openjdk.hotspot.jre.full.linux.x86_64_15.0.1.v20201027-0507/jre/lib/libjdwp.so
7f31a018e000-7f31a018f000 rw-p 00000000 00:00 0 
7f31a018f000-7f31a01ab000 r-xp 00000000 fd:04 16649720                   /home/rbp28668/.p2/pool/plugins/org.eclipse.justj.openjdk.hotspot.jre.full.linux.x86_64_15.0.1.v20201027-0507/jre/lib/libjimage.so
7f31a01ab000-7f31a01ad000 r--p 0001b000 fd:04 16649720                   /home/rbp28668/.p2/pool/plugins/org.eclipse.justj.openjdk.hotspot.jre.full.linux.x86_64_15.0.1.v20201027-0507/jre/lib/libjimage.so
7f31a01ad000-7f31a01ae000 rw-p 0001d000 fd:04 16649720                   /home/rbp28668/.p2/pool/plugins/org.eclipse.justj.openjdk.hotspot.jre.full.linux.x86_64_15.0.1.v20201027-0507/jre/lib/libjimage.so
7f31a01ae000-7f31a01b1000 r--p 00000000 fd:04 13643409                   /usr/lib/x86_64-linux-gnu/librt-2.31.so
7f31a01b1000-7f31a01b5000 r-xp 00003000 fd:04 13643409                   /usr/lib/x86_64-linux-gnu/librt-2.31.so
7f31a01b5000-7f31a01b6000 r--p 00007000 fd:04 13643409                   /usr/lib/x86_64-linux-gnu/librt-2.31.so
7f31a01b6000-7f31a01b7000 ---p 00008000 fd:04 13643409                   /usr/lib/x86_64-linux-gnu/librt-2.31.so
7f31a01b7000-7f31a01b8000 r--p 00008000 fd:04 13643409                   /usr/lib/x86_64-linux-gnu/librt-2.31.so
7f31a01b8000-7f31a01b9000 rw-p 00009000 fd:04 13643409                   /usr/lib/x86_64-linux-gnu/librt-2.31.so
7f31a01b9000-7f31a01bd000 ---p 00000000 00:00 0 
7f31a01bd000-7f31a02ba000 rw-p 00000000 00:00 0 
7f31a02ba000-7f31a02c9000 r--p 00000000 fd:04 13643396                   /usr/lib/x86_64-linux-gnu/libm-2.31.so
7f31a02c9000-7f31a0370000 r-xp 0000f000 fd:04 13643396                   /usr/lib/x86_64-linux-gnu/libm-2.31.so
7f31a0370000-7f31a0407000 r--p 000b6000 fd:04 13643396                   /usr/lib/x86_64-linux-gnu/libm-2.31.so
7f31a0407000-7f31a0408000 r--p 0014c000 fd:04 13643396                   /usr/lib/x86_64-linux-gnu/libm-2.31.so
7f31a0408000-7f31a0409000 rw-p 0014d000 fd:04 13643396                   /usr/lib/x86_64-linux-gnu/libm-2.31.so
7f31a0409000-7f31a1450000 r-xp 00000000 fd:04 16649688                   /home/rbp28668/.p2/pool/plugins/org.eclipse.justj.openjdk.hotspot.jre.full.linux.x86_64_15.0.1.v20201027-0507/jre/lib/server/libjvm.so
7f31a1450000-7f31a14ea000 r--p 01046000 fd:04 16649688                   /home/rbp28668/.p2/pool/plugins/org.eclipse.justj.openjdk.hotspot.jre.full.linux.x86_64_15.0.1.v20201027-0507/jre/lib/server/libjvm.so
7f31a14ea000-7f31a1521000 rw-p 010e0000 fd:04 16649688                   /home/rbp28668/.p2/pool/plugins/org.eclipse.justj.openjdk.hotspot.jre.full.linux.x86_64_15.0.1.v20201027-0507/jre/lib/server/libjvm.so
7f31a1521000-7f31a15ac000 rw-p 00000000 00:00 0 
7f31a15ac000-7f31a15d1000 r--p 00000000 fd:04 13643394                   /usr/lib/x86_64-linux-gnu/libc-2.31.so
7f31a15d1000-7f31a1749000 r-xp 00025000 fd:04 13643394                   /usr/lib/x86_64-linux-gnu/libc-2.31.so
7f31a1749000-7f31a1793000 r--p 0019d000 fd:04 13643394                   /usr/lib/x86_64-linux-gnu/libc-2.31.so
7f31a1793000-7f31a1794000 ---p 001e7000 fd:04 13643394                   /usr/lib/x86_64-linux-gnu/libc-2.31.so
7f31a1794000-7f31a1797000 r--p 001e7000 fd:04 13643394                   /usr/lib/x86_64-linux-gnu/libc-2.31.so
7f31a1797000-7f31a179a000 rw-p 001ea000 fd:04 13643394                   /usr/lib/x86_64-linux-gnu/libc-2.31.so
7f31a179a000-7f31a179e000 rw-p 00000000 00:00 0 
7f31a179e000-7f31a179f000 r--p 00000000 fd:04 13643395                   /usr/lib/x86_64-linux-gnu/libdl-2.31.so
7f31a179f000-7f31a17a1000 r-xp 00001000 fd:04 13643395                   /usr/lib/x86_64-linux-gnu/libdl-2.31.so
7f31a17a1000-7f31a17a2000 r--p 00003000 fd:04 13643395                   /usr/lib/x86_64-linux-gnu/libdl-2.31.so
7f31a17a2000-7f31a17a3000 r--p 00003000 fd:04 13643395                   /usr/lib/x86_64-linux-gnu/libdl-2.31.so
7f31a17a3000-7f31a17a4000 rw-p 00004000 fd:04 13643395                   /usr/lib/x86_64-linux-gnu/libdl-2.31.so
7f31a17a4000-7f31a17ab000 r--p 00000000 fd:04 13643407                   /usr/lib/x86_64-linux-gnu/libpthread-2.31.so
7f31a17ab000-7f31a17bc000 r-xp 00007000 fd:04 13643407                   /usr/lib/x86_64-linux-gnu/libpthread-2.31.so
7f31a17bc000-7f31a17c1000 r--p 00018000 fd:04 13643407                   /usr/lib/x86_64-linux-gnu/libpthread-2.31.so
7f31a17c1000-7f31a17c2000 r--p 0001c000 fd:04 13643407                   /usr/lib/x86_64-linux-gnu/libpthread-2.31.so
7f31a17c2000-7f31a17c3000 rw-p 0001d000 fd:04 13643407                   /usr/lib/x86_64-linux-gnu/libpthread-2.31.so
7f31a17c3000-7f31a17c7000 rw-p 00000000 00:00 0 
7f31a17c7000-7f31a17d6000 r-xp 00000000 fd:04 16649715                   /home/rbp28668/.p2/pool/plugins/org.eclipse.justj.openjdk.hotspot.jre.full.linux.x86_64_15.0.1.v20201027-0507/jre/lib/libjli.so
7f31a17d6000-7f31a17d7000 r--p 0000e000 fd:04 16649715                   /home/rbp28668/.p2/pool/plugins/org.eclipse.justj.openjdk.hotspot.jre.full.linux.x86_64_15.0.1.v20201027-0507/jre/lib/libjli.so
7f31a17d7000-7f31a17d8000 rw-p 0000f000 fd:04 16649715                   /home/rbp28668/.p2/pool/plugins/org.eclipse.justj.openjdk.hotspot.jre.full.linux.x86_64_15.0.1.v20201027-0507/jre/lib/libjli.so
7f31a17d8000-7f31a17da000 r--p 00000000 fd:04 13632354                   /usr/lib/x86_64-linux-gnu/libz.so.1.2.11
7f31a17da000-7f31a17eb000 r-xp 00002000 fd:04 13632354                   /usr/lib/x86_64-linux-gnu/libz.so.1.2.11
7f31a17eb000-7f31a17f1000 r--p 00013000 fd:04 13632354                   /usr/lib/x86_64-linux-gnu/libz.so.1.2.11
7f31a17f1000-7f31a17f2000 ---p 00019000 fd:04 13632354                   /usr/lib/x86_64-linux-gnu/libz.so.1.2.11
7f31a17f2000-7f31a17f3000 r--p 00019000 fd:04 13632354                   /usr/lib/x86_64-linux-gnu/libz.so.1.2.11
7f31a17f3000-7f31a17f4000 rw-p 0001a000 fd:04 13632354                   /usr/lib/x86_64-linux-gnu/libz.so.1.2.11
7f31a17f5000-7f31a17fd000 rw-s 00000000 fd:04 6291893                    /tmp/hsperfdata_rbp28668/646126
7f31a17fd000-7f31a1807000 r-xp 00000000 fd:04 16649731                   /home/rbp28668/.p2/pool/plugins/org.eclipse.justj.openjdk.hotspot.jre.full.linux.x86_64_15.0.1.v20201027-0507/jre/lib/libinstrument.so
7f31a1807000-7f31a1808000 r--p 00009000 fd:04 16649731                   /home/rbp28668/.p2/pool/plugins/org.eclipse.justj.openjdk.hotspot.jre.full.linux.x86_64_15.0.1.v20201027-0507/jre/lib/libinstrument.so
7f31a1808000-7f31a1809000 rw-p 0000a000 fd:04 16649731                   /home/rbp28668/.p2/pool/plugins/org.eclipse.justj.openjdk.hotspot.jre.full.linux.x86_64_15.0.1.v20201027-0507/jre/lib/libinstrument.so
7f31a1809000-7f31a180a000 ---p 00000000 00:00 0 
7f31a180a000-7f31a180b000 r--p 00000000 00:00 0 
7f31a180b000-7f31a180d000 rw-p 00000000 00:00 0 
7f31a180d000-7f31a180e000 r--p 00000000 fd:04 13643151                   /usr/lib/x86_64-linux-gnu/ld-2.31.so
7f31a180e000-7f31a1831000 r-xp 00001000 fd:04 13643151                   /usr/lib/x86_64-linux-gnu/ld-2.31.so
7f31a1831000-7f31a1839000 r--p 00024000 fd:04 13643151                   /usr/lib/x86_64-linux-gnu/ld-2.31.so
7f31a1839000-7f31a183a000 rwxp 00000000 00:00 0 
7f31a183a000-7f31a183b000 r--p 0002c000 fd:04 13643151                   /usr/lib/x86_64-linux-gnu/ld-2.31.so
7f31a183b000-7f31a183c000 rw-p 0002d000 fd:04 13643151                   /usr/lib/x86_64-linux-gnu/ld-2.31.so
7f31a183c000-7f31a183d000 rw-p 00000000 00:00 0 
7ffc916dd000-7ffc916fe000 rw-p 00000000 00:00 0                          [stack]
7ffc917d3000-7ffc917d7000 r--p 00000000 00:00 0                          [vvar]
7ffc917d7000-7ffc917d9000 r-xp 00000000 00:00 0                          [vdso]
ffffffffff600000-ffffffffff601000 --xp 00000000 00:00 0                  [vsyscall]


VM Arguments:
jvm_args: -XX:+ShowCodeDetailsInExceptionMessages -agentlib:jdwp=transport=dt_socket,suspend=y,address=localhost:37243 -javaagent:/home/rbp28668/eclipse/java-2020-12/eclipse/configuration/org.eclipse.osgi/215/0/.cp/lib/javaagent-shaded.jar -Dfile.encoding=UTF-8 --module-path=/home/rbp28668/Projects/workspace/Sofabed/bin:/home/rbp28668/Projects/workspace/Sofabed/lib/commons-codec-1.15.jar -Djdk.module.main=sofabed 
java_command: sofabed/uk.co.alvagem.sofabed.Server
java_class_path (initial): <not set>
Launcher Type: SUN_STANDARD

[Global flags]
     intx CICompilerCount                          = 4                                         {product} {ergonomic}
     uint ConcGCThreads                            = 2                                         {product} {ergonomic}
     uint G1ConcRefinementThreads                  = 8                                         {product} {ergonomic}
   size_t G1HeapRegionSize                         = 2097152                                   {product} {ergonomic}
    uintx GCDrainStackTargetSize                   = 64                                        {product} {ergonomic}
   size_t InitialHeapSize                          = 262144000                                 {product} {ergonomic}
   size_t MarkStackSize                            = 4194304                                   {product} {ergonomic}
   size_t MaxHeapSize                              = 4188012544                                {product} {ergonomic}
   size_t MaxNewSize                               = 2512388096                                {product} {ergonomic}
   size_t MinHeapDeltaBytes                        = 2097152                                   {product} {ergonomic}
   size_t MinHeapSize                              = 8388608                                   {product} {ergonomic}
    uintx NonNMethodCodeHeapSize                   = 5839372                                {pd product} {ergonomic}
    uintx NonProfiledCodeHeapSize                  = 122909434                              {pd product} {ergonomic}
    uintx ProfiledCodeHeapSize                     = 122909434                              {pd product} {ergonomic}
    uintx ReservedCodeCacheSize                    = 251658240                              {pd product} {ergonomic}
     bool SegmentedCodeCache                       = true                                      {product} {ergonomic}
     bool ShowCodeDetailsInExceptionMessages       = true                                   {manageable} {command line}
   size_t SoftMaxHeapSize                          = 4188012544                             {manageable} {ergonomic}
     bool UseCompressedClassPointers               = true                                 {lp64_product} {ergonomic}
     bool UseCompressedOops                        = true                                 {lp64_product} {ergonomic}
     bool UseG1GC                                  = true                                      {product} {ergonomic}

Logging:
Log output configuration:
 #0: stdout all=warning uptime,level,tags
 #1: stderr all=off uptime,level,tags

Environment Variables:
PATH=/home/rbp28668/.local/bin:/home/rbp28668/bin:/usr/local/sbin:/usr/local/bin:/usr/sbin:/usr/bin:/sbin:/bin:/usr/games:/usr/local/games:/snap/bin
USERNAME=rbp28668
SHELL=/bin/bash
DISPLAY=:1
LANG=en_GB.UTF-8

Signal Handlers:
SIGSEGV: [libjvm.so+0xd63670], sa_mask[0]=11111111011111111101111111111110, sa_flags=SA_RESTART|SA_SIGINFO
SIGBUS: [libjvm.so+0xd63670], sa_mask[0]=11111111011111111101111111111110, sa_flags=SA_RESTART|SA_SIGINFO
SIGFPE: [libjvm.so+0xd63670], sa_mask[0]=11111111011111111101111111111110, sa_flags=SA_RESTART|SA_SIGINFO
SIGPIPE: [libjvm.so+0xb410d0], sa_mask[0]=11111111011111111101111111111110, sa_flags=SA_RESTART|SA_SIGINFO
SIGXFSZ: [libjvm.so+0xb410d0], sa_mask[0]=11111111011111111101111111111110, sa_flags=SA_RESTART|SA_SIGINFO
SIGILL: [libjvm.so+0xd63670], sa_mask[0]=11111111011111111101111111111110, sa_flags=SA_RESTART|SA_SIGINFO
SIGUSR2: [libjvm.so+0xb40f70], sa_mask[0]=00100000000000000000000000000000, sa_flags=SA_RESTART|SA_SIGINFO
SIGHUP: [libjvm.so+0xb417e0], sa_mask[0]=11111111011111111101111111111110, sa_flags=SA_RESTART|SA_SIGINFO
SIGINT: [libjvm.so+0xb417e0], sa_mask[0]=11111111011111111101111111111110, sa_flags=SA_RESTART|SA_SIGINFO
SIGTERM: [libjvm.so+0xb417e0], sa_mask[0]=11111111011111111101111111111110, sa_flags=SA_RESTART|SA_SIGINFO
SIGQUIT: [libjvm.so+0xb417e0], sa_mask[0]=11111111011111111101111111111110, sa_flags=SA_RESTART|SA_SIGINFO


---------------  S Y S T E M  ---------------

OS:
DISTRIB_ID=Ubuntu
DISTRIB_RELEASE=20.04
DISTRIB_CODENAME=focal
DISTRIB_DESCRIPTION="Ubuntu 20.04.3 LTS"
uname: Linux 5.11.0-37-generic #41~20.04.2-Ubuntu SMP Fri Sep 24 09:06:38 UTC 2021 x86_64
OS uptime: 12 days 21:27 hours
libc: glibc 2.31 NPTL 2.31 
rlimit (soft/hard): STACK 8192k/infinity , CORE 0k/infinity , NPROC 63504/63504 , NOFILE 1048576/1048576 , AS infinity/infinity , CPU infinity/infinity , DATA infinity/infinity , FSIZE infinity/infinity , MEMLOCK 65536k/65536k
load average: 3.52 2.75 1.65

/proc/meminfo:
MemTotal:       16354252 kB
MemFree:         1217656 kB
MemAvailable:    8982952 kB
Buffers:         1321104 kB
Cached:          6375816 kB
SwapCached:        58636 kB
Active:          5870288 kB
Inactive:        8196584 kB
Active(anon):    1187420 kB
Inactive(anon):  5368308 kB
Active(file):    4682868 kB
Inactive(file):  2828276 kB
Unevictable:         288 kB
Mlocked:             288 kB
SwapTotal:       1003516 kB
SwapFree:         561404 kB
Dirty:               100 kB
Writeback:             0 kB
AnonPages:       6322128 kB
Mapped:           588540 kB
Shmem:            185768 kB
KReclaimable:     592120 kB
Slab:             783736 kB
SReclaimable:     592120 kB
SUnreclaim:       191616 kB
KernelStack:       24816 kB
PageTables:        78604 kB
NFS_Unstable:          0 kB
Bounce:                0 kB
WritebackTmp:          0 kB
CommitLimit:     9180640 kB
Committed_AS:   21841356 kB
VmallocTotal:   34359738367 kB
VmallocUsed:       64988 kB
VmallocChunk:          0 kB
Percpu:             9408 kB
HardwareCorrupted:     0 kB
AnonHugePages:         0 kB
ShmemHugePages:        0 kB
ShmemPmdMapped:        0 kB
FileHugePages:         0 kB
FilePmdMapped:         0 kB
HugePages_Total:       0
HugePages_Free:        0
HugePages_Rsvd:        0
HugePages_Surp:        0
Hugepagesize:       2048 kB
Hugetlb:               0 kB
DirectMap4k:      936508 kB
DirectMap2M:    15800320 kB

/sys/kernel/mm/transparent_hugepage/enabled: always [madvise] never
/sys/kernel/mm/transparent_hugepage/defrag (defrag/compaction efforts parameter): always defer defer+madvise [madvise] never

/proc/sys/kernel/threads-max (system-wide limit on the number of threads): 127008
/proc/sys/vm/max_map_count (maximum number of memory map areas a process may have): 65530
/proc/sys/kernel/pid_max (system-wide limit on number of process identifiers): 4194304

container (cgroup) information:
container_type: cgroupv1
cpu_cpuset_cpus: 0-7
cpu_memory_nodes: 0
active_processor_count: 8
cpu_quota: no quota
cpu_period: 100000
cpu_shares: no shares
memory_limit_in_bytes: unlimited
memory_and_swap_limit_in_bytes: unlimited
memory_soft_limit_in_bytes: unlimited
memory_usage_in_bytes: 9740058624
memory_max_usage_in_bytes: 14695051264

Steal ticks since vm start: 0
Steal ticks percentage since vm start:  0.000

CPU: total 8 (initial active 8) (4 cores per cpu, 2 threads per core) family 6 model 42 stepping 7 microcode 0x2f, cmov, cx8, fxsr, mmx, sse, sse2, sse3, ssse3, sse4.1, sse4.2, popcnt, vzeroupper, avx, aes, clmul, ht, tsc, tscinvbit, clflush
CPU Model and flags from /proc/cpuinfo:
model name	: Intel(R) Core(TM) i7-2670QM CPU @ 2.20GHz
flags		: fpu vme de pse tsc msr pae mce cx8 apic sep mtrr pge mca cmov pat pse36 clflush dts acpi mmx fxsr sse sse2 ht tm pbe syscall nx rdtscp lm constant_tsc arch_perfmon pebs bts nopl xtopology nonstop_tsc cpuid aperfmperf pni pclmulqdq dtes64 monitor ds_cpl vmx est tm2 ssse3 cx16 xtpr pdcm pcid sse4_1 sse4_2 x2apic popcnt tsc_deadline_timer aes xsave avx lahf_lm epb pti ssbd ibrs ibpb stibp tpr_shadow vnmi flexpriority ept vpid xsaveopt dtherm ida arat pln pts md_clear flush_l1d

Online cpus: 0-7
Offline cpus: 
BIOS frequency limitation: <Not Available>
Frequency switch latency (ns): 20000
Available cpu frequencies: <Not Available>
Current governor: ondemand
Core performance/turbo boost: <Not Available>

Memory: 4k page, physical 16354252k(1217656k free), swap 1003516k(561404k free)

vm_info: OpenJDK 64-Bit Server VM (15.0.1+9-18) for linux-amd64 JRE (15.0.1+9-18), built on Sep 15 2020 13:31:44 by "mach5one" with gcc 9.2.0

END.
